0 info it worked if it ends with ok
1 verbose cli [ '/usr/bin/node', '/usr/bin/npm', 'install' ]
2 info using npm@1.4.28
3 info using node@v0.10.37
4 verbose node symlink /usr/bin/node
5 verbose readDependencies using package.json deps
6 verbose install where, deps [ '/var/www/autora',
6 verbose install   [ 'body-parser',
6 verbose install     'cookie-parser',
6 verbose install     'debug',
6 verbose install     'express',
6 verbose install     'grunt',
6 verbose install     'grunt-sass',
6 verbose install     'hbs',
6 verbose install     'mongoose',
6 verbose install     'morgan',
6 verbose install     'node-mandrill',
6 verbose install     'node-sass',
6 verbose install     'serve-favicon',
6 verbose install     'grunt-contrib-watch' ] ]
7 info preinstall autora@0.0.0
8 verbose readDependencies using package.json deps
9 verbose cache add [ 'body-parser@~1.12.4', null ]
10 verbose cache add name=undefined spec="body-parser@~1.12.4" args=["body-parser@~1.12.4",null]
11 verbose parsed url { protocol: null,
11 verbose parsed url   slashes: null,
11 verbose parsed url   auth: null,
11 verbose parsed url   host: null,
11 verbose parsed url   port: null,
11 verbose parsed url   hostname: null,
11 verbose parsed url   hash: null,
11 verbose parsed url   search: null,
11 verbose parsed url   query: null,
11 verbose parsed url   pathname: 'body-parser@~1.12.4',
11 verbose parsed url   path: 'body-parser@~1.12.4',
11 verbose parsed url   href: 'body-parser@~1.12.4' }
12 verbose cache add [ 'cookie-parser@~1.3.5', null ]
13 verbose cache add name=undefined spec="cookie-parser@~1.3.5" args=["cookie-parser@~1.3.5",null]
14 verbose parsed url { protocol: null,
14 verbose parsed url   slashes: null,
14 verbose parsed url   auth: null,
14 verbose parsed url   host: null,
14 verbose parsed url   port: null,
14 verbose parsed url   hostname: null,
14 verbose parsed url   hash: null,
14 verbose parsed url   search: null,
14 verbose parsed url   query: null,
14 verbose parsed url   pathname: 'cookie-parser@~1.3.5',
14 verbose parsed url   path: 'cookie-parser@~1.3.5',
14 verbose parsed url   href: 'cookie-parser@~1.3.5' }
15 verbose cache add [ 'debug@~2.2.0', null ]
16 verbose cache add name=undefined spec="debug@~2.2.0" args=["debug@~2.2.0",null]
17 verbose parsed url { protocol: null,
17 verbose parsed url   slashes: null,
17 verbose parsed url   auth: null,
17 verbose parsed url   host: null,
17 verbose parsed url   port: null,
17 verbose parsed url   hostname: null,
17 verbose parsed url   hash: null,
17 verbose parsed url   search: null,
17 verbose parsed url   query: null,
17 verbose parsed url   pathname: 'debug@~2.2.0',
17 verbose parsed url   path: 'debug@~2.2.0',
17 verbose parsed url   href: 'debug@~2.2.0' }
18 verbose cache add [ 'express@~4.12.4', null ]
19 verbose cache add name=undefined spec="express@~4.12.4" args=["express@~4.12.4",null]
20 verbose parsed url { protocol: null,
20 verbose parsed url   slashes: null,
20 verbose parsed url   auth: null,
20 verbose parsed url   host: null,
20 verbose parsed url   port: null,
20 verbose parsed url   hostname: null,
20 verbose parsed url   hash: null,
20 verbose parsed url   search: null,
20 verbose parsed url   query: null,
20 verbose parsed url   pathname: 'express@~4.12.4',
20 verbose parsed url   path: 'express@~4.12.4',
20 verbose parsed url   href: 'express@~4.12.4' }
21 verbose cache add name="body-parser" spec="~1.12.4" args=["body-parser","~1.12.4"]
22 verbose parsed url { protocol: null,
22 verbose parsed url   slashes: null,
22 verbose parsed url   auth: null,
22 verbose parsed url   host: null,
22 verbose parsed url   port: null,
22 verbose parsed url   hostname: null,
22 verbose parsed url   hash: null,
22 verbose parsed url   search: null,
22 verbose parsed url   query: null,
22 verbose parsed url   pathname: '~1.12.4',
22 verbose parsed url   path: '~1.12.4',
22 verbose parsed url   href: '~1.12.4' }
23 verbose addNamed [ 'body-parser', '~1.12.4' ]
24 verbose addNamed [ null, '>=1.12.4-0 <1.13.0-0' ]
25 verbose cache add name="cookie-parser" spec="~1.3.5" args=["cookie-parser","~1.3.5"]
26 verbose parsed url { protocol: null,
26 verbose parsed url   slashes: null,
26 verbose parsed url   auth: null,
26 verbose parsed url   host: null,
26 verbose parsed url   port: null,
26 verbose parsed url   hostname: null,
26 verbose parsed url   hash: null,
26 verbose parsed url   search: null,
26 verbose parsed url   query: null,
26 verbose parsed url   pathname: '~1.3.5',
26 verbose parsed url   path: '~1.3.5',
26 verbose parsed url   href: '~1.3.5' }
27 verbose addNamed [ 'cookie-parser', '~1.3.5' ]
28 verbose addNamed [ null, '>=1.3.5-0 <1.4.0-0' ]
29 verbose cache add name="debug" spec="~2.2.0" args=["debug","~2.2.0"]
30 verbose parsed url { protocol: null,
30 verbose parsed url   slashes: null,
30 verbose parsed url   auth: null,
30 verbose parsed url   host: null,
30 verbose parsed url   port: null,
30 verbose parsed url   hostname: null,
30 verbose parsed url   hash: null,
30 verbose parsed url   search: null,
30 verbose parsed url   query: null,
30 verbose parsed url   pathname: '~2.2.0',
30 verbose parsed url   path: '~2.2.0',
30 verbose parsed url   href: '~2.2.0' }
31 verbose addNamed [ 'debug', '~2.2.0' ]
32 verbose addNamed [ null, '>=2.2.0-0 <2.3.0-0' ]
33 verbose cache add [ 'grunt@^0.4.5', null ]
34 verbose cache add name=undefined spec="grunt@^0.4.5" args=["grunt@^0.4.5",null]
35 verbose parsed url { protocol: null,
35 verbose parsed url   slashes: null,
35 verbose parsed url   auth: null,
35 verbose parsed url   host: null,
35 verbose parsed url   port: null,
35 verbose parsed url   hostname: null,
35 verbose parsed url   hash: null,
35 verbose parsed url   search: null,
35 verbose parsed url   query: null,
35 verbose parsed url   pathname: 'grunt@^0.4.5',
35 verbose parsed url   path: 'grunt@^0.4.5',
35 verbose parsed url   href: 'grunt@^0.4.5' }
36 verbose cache add [ 'grunt-sass@^1.0.0', null ]
37 verbose cache add name=undefined spec="grunt-sass@^1.0.0" args=["grunt-sass@^1.0.0",null]
38 verbose parsed url { protocol: null,
38 verbose parsed url   slashes: null,
38 verbose parsed url   auth: null,
38 verbose parsed url   host: null,
38 verbose parsed url   port: null,
38 verbose parsed url   hostname: null,
38 verbose parsed url   hash: null,
38 verbose parsed url   search: null,
38 verbose parsed url   query: null,
38 verbose parsed url   pathname: 'grunt-sass@^1.0.0',
38 verbose parsed url   path: 'grunt-sass@^1.0.0',
38 verbose parsed url   href: 'grunt-sass@^1.0.0' }
39 verbose cache add [ 'hbs@~2.9.0', null ]
40 verbose cache add name=undefined spec="hbs@~2.9.0" args=["hbs@~2.9.0",null]
41 verbose parsed url { protocol: null,
41 verbose parsed url   slashes: null,
41 verbose parsed url   auth: null,
41 verbose parsed url   host: null,
41 verbose parsed url   port: null,
41 verbose parsed url   hostname: null,
41 verbose parsed url   hash: null,
41 verbose parsed url   search: null,
41 verbose parsed url   query: null,
41 verbose parsed url   pathname: 'hbs@~2.9.0',
41 verbose parsed url   path: 'hbs@~2.9.0',
41 verbose parsed url   href: 'hbs@~2.9.0' }
42 verbose cache add name="express" spec="~4.12.4" args=["express","~4.12.4"]
43 verbose parsed url { protocol: null,
43 verbose parsed url   slashes: null,
43 verbose parsed url   auth: null,
43 verbose parsed url   host: null,
43 verbose parsed url   port: null,
43 verbose parsed url   hostname: null,
43 verbose parsed url   hash: null,
43 verbose parsed url   search: null,
43 verbose parsed url   query: null,
43 verbose parsed url   pathname: '~4.12.4',
43 verbose parsed url   path: '~4.12.4',
43 verbose parsed url   href: '~4.12.4' }
44 verbose addNamed [ 'express', '~4.12.4' ]
45 verbose addNamed [ null, '>=4.12.4-0 <4.13.0-0' ]
46 silly lockFile 6b6495e4-body-parser-1-12-4 body-parser@~1.12.4
47 verbose lock body-parser@~1.12.4 /home/computador/.npm/6b6495e4-body-parser-1-12-4.lock
48 silly lockFile 34d2ac1d-cookie-parser-1-3-5 cookie-parser@~1.3.5
49 verbose lock cookie-parser@~1.3.5 /home/computador/.npm/34d2ac1d-cookie-parser-1-3-5.lock
50 silly lockFile 7986b842-debug-2-2-0 debug@~2.2.0
51 verbose lock debug@~2.2.0 /home/computador/.npm/7986b842-debug-2-2-0.lock
52 silly lockFile 8d972283-express-4-12-4 express@~4.12.4
53 verbose lock express@~4.12.4 /home/computador/.npm/8d972283-express-4-12-4.lock
54 verbose cache add name="grunt" spec="^0.4.5" args=["grunt","^0.4.5"]
55 verbose parsed url { protocol: null,
55 verbose parsed url   slashes: null,
55 verbose parsed url   auth: null,
55 verbose parsed url   host: null,
55 verbose parsed url   port: null,
55 verbose parsed url   hostname: null,
55 verbose parsed url   hash: null,
55 verbose parsed url   search: null,
55 verbose parsed url   query: null,
55 verbose parsed url   pathname: '^0.4.5',
55 verbose parsed url   path: '^0.4.5',
55 verbose parsed url   href: '^0.4.5' }
56 verbose addNamed [ 'grunt', '^0.4.5' ]
57 verbose addNamed [ null, '>=0.4.5-0 <0.5.0-0' ]
58 silly lockFile 73541f84-grunt-0-4-5 grunt@^0.4.5
59 verbose lock grunt@^0.4.5 /home/computador/.npm/73541f84-grunt-0-4-5.lock
60 verbose cache add name="grunt-sass" spec="^1.0.0" args=["grunt-sass","^1.0.0"]
61 verbose parsed url { protocol: null,
61 verbose parsed url   slashes: null,
61 verbose parsed url   auth: null,
61 verbose parsed url   host: null,
61 verbose parsed url   port: null,
61 verbose parsed url   hostname: null,
61 verbose parsed url   hash: null,
61 verbose parsed url   search: null,
61 verbose parsed url   query: null,
61 verbose parsed url   pathname: '^1.0.0',
61 verbose parsed url   path: '^1.0.0',
61 verbose parsed url   href: '^1.0.0' }
62 verbose addNamed [ 'grunt-sass', '^1.0.0' ]
63 verbose addNamed [ null, '>=1.0.0-0 <2.0.0-0' ]
64 silly lockFile b4931068-grunt-sass-1-0-0 grunt-sass@^1.0.0
65 verbose lock grunt-sass@^1.0.0 /home/computador/.npm/b4931068-grunt-sass-1-0-0.lock
66 verbose cache add [ 'mongoose@^4.0.4', null ]
67 verbose cache add name=undefined spec="mongoose@^4.0.4" args=["mongoose@^4.0.4",null]
68 verbose parsed url { protocol: null,
68 verbose parsed url   slashes: null,
68 verbose parsed url   auth: null,
68 verbose parsed url   host: null,
68 verbose parsed url   port: null,
68 verbose parsed url   hostname: null,
68 verbose parsed url   hash: null,
68 verbose parsed url   search: null,
68 verbose parsed url   query: null,
68 verbose parsed url   pathname: 'mongoose@^4.0.4',
68 verbose parsed url   path: 'mongoose@^4.0.4',
68 verbose parsed url   href: 'mongoose@^4.0.4' }
69 verbose cache add [ 'morgan@~1.5.3', null ]
70 verbose cache add name=undefined spec="morgan@~1.5.3" args=["morgan@~1.5.3",null]
71 verbose parsed url { protocol: null,
71 verbose parsed url   slashes: null,
71 verbose parsed url   auth: null,
71 verbose parsed url   host: null,
71 verbose parsed url   port: null,
71 verbose parsed url   hostname: null,
71 verbose parsed url   hash: null,
71 verbose parsed url   search: null,
71 verbose parsed url   query: null,
71 verbose parsed url   pathname: 'morgan@~1.5.3',
71 verbose parsed url   path: 'morgan@~1.5.3',
71 verbose parsed url   href: 'morgan@~1.5.3' }
72 verbose cache add [ 'node-mandrill@^1.0.1', null ]
73 verbose cache add name=undefined spec="node-mandrill@^1.0.1" args=["node-mandrill@^1.0.1",null]
74 verbose parsed url { protocol: null,
74 verbose parsed url   slashes: null,
74 verbose parsed url   auth: null,
74 verbose parsed url   host: null,
74 verbose parsed url   port: null,
74 verbose parsed url   hostname: null,
74 verbose parsed url   hash: null,
74 verbose parsed url   search: null,
74 verbose parsed url   query: null,
74 verbose parsed url   pathname: 'node-mandrill@^1.0.1',
74 verbose parsed url   path: 'node-mandrill@^1.0.1',
74 verbose parsed url   href: 'node-mandrill@^1.0.1' }
75 verbose cache add [ 'node-sass@^3.1.2', null ]
76 verbose cache add name=undefined spec="node-sass@^3.1.2" args=["node-sass@^3.1.2",null]
77 verbose parsed url { protocol: null,
77 verbose parsed url   slashes: null,
77 verbose parsed url   auth: null,
77 verbose parsed url   host: null,
77 verbose parsed url   port: null,
77 verbose parsed url   hostname: null,
77 verbose parsed url   hash: null,
77 verbose parsed url   search: null,
77 verbose parsed url   query: null,
77 verbose parsed url   pathname: 'node-sass@^3.1.2',
77 verbose parsed url   path: 'node-sass@^3.1.2',
77 verbose parsed url   href: 'node-sass@^3.1.2' }
78 verbose cache add name="hbs" spec="~2.9.0" args=["hbs","~2.9.0"]
79 verbose parsed url { protocol: null,
79 verbose parsed url   slashes: null,
79 verbose parsed url   auth: null,
79 verbose parsed url   host: null,
79 verbose parsed url   port: null,
79 verbose parsed url   hostname: null,
79 verbose parsed url   hash: null,
79 verbose parsed url   search: null,
79 verbose parsed url   query: null,
79 verbose parsed url   pathname: '~2.9.0',
79 verbose parsed url   path: '~2.9.0',
79 verbose parsed url   href: '~2.9.0' }
80 verbose addNamed [ 'hbs', '~2.9.0' ]
81 verbose addNamed [ null, '>=2.9.0-0 <2.10.0-0' ]
82 silly lockFile 2e8987f1-hbs-2-9-0 hbs@~2.9.0
83 verbose lock hbs@~2.9.0 /home/computador/.npm/2e8987f1-hbs-2-9-0.lock
84 verbose cache add name="mongoose" spec="^4.0.4" args=["mongoose","^4.0.4"]
85 verbose parsed url { protocol: null,
85 verbose parsed url   slashes: null,
85 verbose parsed url   auth: null,
85 verbose parsed url   host: null,
85 verbose parsed url   port: null,
85 verbose parsed url   hostname: null,
85 verbose parsed url   hash: null,
85 verbose parsed url   search: null,
85 verbose parsed url   query: null,
85 verbose parsed url   pathname: '^4.0.4',
85 verbose parsed url   path: '^4.0.4',
85 verbose parsed url   href: '^4.0.4' }
86 verbose addNamed [ 'mongoose', '^4.0.4' ]
87 verbose addNamed [ null, '>=4.0.4-0 <5.0.0-0' ]
88 silly lockFile 00a3b083-mongoose-4-0-4 mongoose@^4.0.4
89 verbose lock mongoose@^4.0.4 /home/computador/.npm/00a3b083-mongoose-4-0-4.lock
90 verbose cache add name="morgan" spec="~1.5.3" args=["morgan","~1.5.3"]
91 verbose parsed url { protocol: null,
91 verbose parsed url   slashes: null,
91 verbose parsed url   auth: null,
91 verbose parsed url   host: null,
91 verbose parsed url   port: null,
91 verbose parsed url   hostname: null,
91 verbose parsed url   hash: null,
91 verbose parsed url   search: null,
91 verbose parsed url   query: null,
91 verbose parsed url   pathname: '~1.5.3',
91 verbose parsed url   path: '~1.5.3',
91 verbose parsed url   href: '~1.5.3' }
92 verbose addNamed [ 'morgan', '~1.5.3' ]
93 verbose addNamed [ null, '>=1.5.3-0 <1.6.0-0' ]
94 silly lockFile 23e862d0-morgan-1-5-3 morgan@~1.5.3
95 verbose lock morgan@~1.5.3 /home/computador/.npm/23e862d0-morgan-1-5-3.lock
96 verbose cache add name="node-mandrill" spec="^1.0.1" args=["node-mandrill","^1.0.1"]
97 verbose parsed url { protocol: null,
97 verbose parsed url   slashes: null,
97 verbose parsed url   auth: null,
97 verbose parsed url   host: null,
97 verbose parsed url   port: null,
97 verbose parsed url   hostname: null,
97 verbose parsed url   hash: null,
97 verbose parsed url   search: null,
97 verbose parsed url   query: null,
97 verbose parsed url   pathname: '^1.0.1',
97 verbose parsed url   path: '^1.0.1',
97 verbose parsed url   href: '^1.0.1' }
98 verbose addNamed [ 'node-mandrill', '^1.0.1' ]
99 verbose addNamed [ null, '>=1.0.1-0 <2.0.0-0' ]
100 silly lockFile 76b7f2c5-node-mandrill-1-0-1 node-mandrill@^1.0.1
101 verbose lock node-mandrill@^1.0.1 /home/computador/.npm/76b7f2c5-node-mandrill-1-0-1.lock
102 verbose cache add [ 'serve-favicon@~2.2.1', null ]
103 verbose cache add name=undefined spec="serve-favicon@~2.2.1" args=["serve-favicon@~2.2.1",null]
104 verbose parsed url { protocol: null,
104 verbose parsed url   slashes: null,
104 verbose parsed url   auth: null,
104 verbose parsed url   host: null,
104 verbose parsed url   port: null,
104 verbose parsed url   hostname: null,
104 verbose parsed url   hash: null,
104 verbose parsed url   search: null,
104 verbose parsed url   query: null,
104 verbose parsed url   pathname: 'serve-favicon@~2.2.1',
104 verbose parsed url   path: 'serve-favicon@~2.2.1',
104 verbose parsed url   href: 'serve-favicon@~2.2.1' }
105 verbose cache add [ 'grunt-contrib-watch@^0.6.1', null ]
106 verbose cache add name=undefined spec="grunt-contrib-watch@^0.6.1" args=["grunt-contrib-watch@^0.6.1",null]
107 verbose parsed url { protocol: null,
107 verbose parsed url   slashes: null,
107 verbose parsed url   auth: null,
107 verbose parsed url   host: null,
107 verbose parsed url   port: null,
107 verbose parsed url   hostname: null,
107 verbose parsed url   hash: null,
107 verbose parsed url   search: null,
107 verbose parsed url   query: null,
107 verbose parsed url   pathname: 'grunt-contrib-watch@^0.6.1',
107 verbose parsed url   path: 'grunt-contrib-watch@^0.6.1',
107 verbose parsed url   href: 'grunt-contrib-watch@^0.6.1' }
108 verbose cache add name="node-sass" spec="^3.1.2" args=["node-sass","^3.1.2"]
109 verbose parsed url { protocol: null,
109 verbose parsed url   slashes: null,
109 verbose parsed url   auth: null,
109 verbose parsed url   host: null,
109 verbose parsed url   port: null,
109 verbose parsed url   hostname: null,
109 verbose parsed url   hash: null,
109 verbose parsed url   search: null,
109 verbose parsed url   query: null,
109 verbose parsed url   pathname: '^3.1.2',
109 verbose parsed url   path: '^3.1.2',
109 verbose parsed url   href: '^3.1.2' }
110 verbose addNamed [ 'node-sass', '^3.1.2' ]
111 verbose addNamed [ null, '>=3.1.2-0 <4.0.0-0' ]
112 silly lockFile ade6a77d-node-sass-3-1-2 node-sass@^3.1.2
113 verbose lock node-sass@^3.1.2 /home/computador/.npm/ade6a77d-node-sass-3-1-2.lock
114 silly addNameRange { name: 'body-parser',
114 silly addNameRange   range: '>=1.12.4-0 <1.13.0-0',
114 silly addNameRange   hasData: false }
115 silly addNameRange { name: 'cookie-parser',
115 silly addNameRange   range: '>=1.3.5-0 <1.4.0-0',
115 silly addNameRange   hasData: false }
116 silly addNameRange { name: 'debug', range: '>=2.2.0-0 <2.3.0-0', hasData: false }
117 silly addNameRange { name: 'express',
117 silly addNameRange   range: '>=4.12.4-0 <4.13.0-0',
117 silly addNameRange   hasData: false }
118 silly addNameRange { name: 'grunt', range: '>=0.4.5-0 <0.5.0-0', hasData: false }
119 silly addNameRange { name: 'grunt-sass',
119 silly addNameRange   range: '>=1.0.0-0 <2.0.0-0',
119 silly addNameRange   hasData: false }
120 verbose cache add name="serve-favicon" spec="~2.2.1" args=["serve-favicon","~2.2.1"]
121 verbose parsed url { protocol: null,
121 verbose parsed url   slashes: null,
121 verbose parsed url   auth: null,
121 verbose parsed url   host: null,
121 verbose parsed url   port: null,
121 verbose parsed url   hostname: null,
121 verbose parsed url   hash: null,
121 verbose parsed url   search: null,
121 verbose parsed url   query: null,
121 verbose parsed url   pathname: '~2.2.1',
121 verbose parsed url   path: '~2.2.1',
121 verbose parsed url   href: '~2.2.1' }
122 verbose addNamed [ 'serve-favicon', '~2.2.1' ]
123 verbose addNamed [ null, '>=2.2.1-0 <2.3.0-0' ]
124 silly lockFile b7ae84e2-serve-favicon-2-2-1 serve-favicon@~2.2.1
125 verbose lock serve-favicon@~2.2.1 /home/computador/.npm/b7ae84e2-serve-favicon-2-2-1.lock
126 verbose cache add name="grunt-contrib-watch" spec="^0.6.1" args=["grunt-contrib-watch","^0.6.1"]
127 verbose parsed url { protocol: null,
127 verbose parsed url   slashes: null,
127 verbose parsed url   auth: null,
127 verbose parsed url   host: null,
127 verbose parsed url   port: null,
127 verbose parsed url   hostname: null,
127 verbose parsed url   hash: null,
127 verbose parsed url   search: null,
127 verbose parsed url   query: null,
127 verbose parsed url   pathname: '^0.6.1',
127 verbose parsed url   path: '^0.6.1',
127 verbose parsed url   href: '^0.6.1' }
128 verbose addNamed [ 'grunt-contrib-watch', '^0.6.1' ]
129 verbose addNamed [ null, '>=0.6.1-0 <0.7.0-0' ]
130 silly lockFile 224b1ece-grunt-contrib-watch-0-6-1 grunt-contrib-watch@^0.6.1
131 verbose lock grunt-contrib-watch@^0.6.1 /home/computador/.npm/224b1ece-grunt-contrib-watch-0-6-1.lock
132 verbose request where is /body-parser
133 verbose request registry https://registry.npmjs.org/
134 verbose request id 3fe03a5e0c1666a6
135 verbose url raw /body-parser
136 verbose url resolving [ 'https://registry.npmjs.org/', './body-parser' ]
137 verbose url resolved https://registry.npmjs.org/body-parser
138 verbose request where is https://registry.npmjs.org/body-parser
139 info trying registry request attempt 1 at 13:21:58
140 http GET https://registry.npmjs.org/body-parser
141 verbose request where is /cookie-parser
142 verbose request registry https://registry.npmjs.org/
143 verbose url raw /cookie-parser
144 verbose url resolving [ 'https://registry.npmjs.org/', './cookie-parser' ]
145 verbose url resolved https://registry.npmjs.org/cookie-parser
146 verbose request where is https://registry.npmjs.org/cookie-parser
147 info trying registry request attempt 1 at 13:21:58
148 http GET https://registry.npmjs.org/cookie-parser
149 verbose request where is /grunt
150 verbose request registry https://registry.npmjs.org/
151 verbose url raw /grunt
152 verbose url resolving [ 'https://registry.npmjs.org/', './grunt' ]
153 verbose url resolved https://registry.npmjs.org/grunt
154 verbose request where is https://registry.npmjs.org/grunt
155 info trying registry request attempt 1 at 13:21:58
156 http GET https://registry.npmjs.org/grunt
157 verbose request where is /grunt-sass
158 verbose request registry https://registry.npmjs.org/
159 verbose url raw /grunt-sass
160 verbose url resolving [ 'https://registry.npmjs.org/', './grunt-sass' ]
161 verbose url resolved https://registry.npmjs.org/grunt-sass
162 verbose request where is https://registry.npmjs.org/grunt-sass
163 info trying registry request attempt 1 at 13:21:58
164 http GET https://registry.npmjs.org/grunt-sass
165 silly addNameRange { name: 'hbs', range: '>=2.9.0-0 <2.10.0-0', hasData: false }
166 silly addNameRange { name: 'mongoose', range: '>=4.0.4-0 <5.0.0-0', hasData: false }
167 silly addNameRange { name: 'node-mandrill',
167 silly addNameRange   range: '>=1.0.1-0 <2.0.0-0',
167 silly addNameRange   hasData: false }
168 silly addNameRange { name: 'morgan', range: '>=1.5.3-0 <1.6.0-0', hasData: false }
169 silly addNameRange { name: 'node-sass',
169 silly addNameRange   range: '>=3.1.2-0 <4.0.0-0',
169 silly addNameRange   hasData: false }
170 verbose request where is /hbs
171 verbose request registry https://registry.npmjs.org/
172 verbose url raw /hbs
173 verbose url resolving [ 'https://registry.npmjs.org/', './hbs' ]
174 verbose url resolved https://registry.npmjs.org/hbs
175 verbose request where is https://registry.npmjs.org/hbs
176 info trying registry request attempt 1 at 13:21:58
177 http GET https://registry.npmjs.org/hbs
178 silly addNameRange { name: 'serve-favicon',
178 silly addNameRange   range: '>=2.2.1-0 <2.3.0-0',
178 silly addNameRange   hasData: false }
179 verbose request where is /mongoose
180 verbose request registry https://registry.npmjs.org/
181 verbose url raw /mongoose
182 verbose url resolving [ 'https://registry.npmjs.org/', './mongoose' ]
183 verbose url resolved https://registry.npmjs.org/mongoose
184 verbose request where is https://registry.npmjs.org/mongoose
185 info trying registry request attempt 1 at 13:21:58
186 http GET https://registry.npmjs.org/mongoose
187 silly addNameRange { name: 'grunt-contrib-watch',
187 silly addNameRange   range: '>=0.6.1-0 <0.7.0-0',
187 silly addNameRange   hasData: false }
188 verbose request where is /morgan
189 verbose request registry https://registry.npmjs.org/
190 verbose url raw /morgan
191 verbose url resolving [ 'https://registry.npmjs.org/', './morgan' ]
192 verbose url resolved https://registry.npmjs.org/morgan
193 verbose request where is https://registry.npmjs.org/morgan
194 info trying registry request attempt 1 at 13:21:58
195 http GET https://registry.npmjs.org/morgan
196 verbose request where is /node-mandrill
197 verbose request registry https://registry.npmjs.org/
198 verbose url raw /node-mandrill
199 verbose url resolving [ 'https://registry.npmjs.org/', './node-mandrill' ]
200 verbose url resolved https://registry.npmjs.org/node-mandrill
201 verbose request where is https://registry.npmjs.org/node-mandrill
202 info trying registry request attempt 1 at 13:21:58
203 http GET https://registry.npmjs.org/node-mandrill
204 verbose request where is /node-sass
205 verbose request registry https://registry.npmjs.org/
206 verbose url raw /node-sass
207 verbose url resolving [ 'https://registry.npmjs.org/', './node-sass' ]
208 verbose url resolved https://registry.npmjs.org/node-sass
209 verbose request where is https://registry.npmjs.org/node-sass
210 info trying registry request attempt 1 at 13:21:58
211 http GET https://registry.npmjs.org/node-sass
212 verbose request where is /serve-favicon
213 verbose request registry https://registry.npmjs.org/
214 verbose url raw /serve-favicon
215 verbose url resolving [ 'https://registry.npmjs.org/', './serve-favicon' ]
216 verbose url resolved https://registry.npmjs.org/serve-favicon
217 verbose request where is https://registry.npmjs.org/serve-favicon
218 info trying registry request attempt 1 at 13:21:58
219 http GET https://registry.npmjs.org/serve-favicon
220 verbose request where is /grunt-contrib-watch
221 verbose request registry https://registry.npmjs.org/
222 verbose url raw /grunt-contrib-watch
223 verbose url resolving [ 'https://registry.npmjs.org/', './grunt-contrib-watch' ]
224 verbose url resolved https://registry.npmjs.org/grunt-contrib-watch
225 verbose request where is https://registry.npmjs.org/grunt-contrib-watch
226 info trying registry request attempt 1 at 13:21:58
227 http GET https://registry.npmjs.org/grunt-contrib-watch
228 verbose request where is /debug
229 verbose request registry https://registry.npmjs.org/
230 verbose url raw /debug
231 verbose url resolving [ 'https://registry.npmjs.org/', './debug' ]
232 verbose url resolved https://registry.npmjs.org/debug
233 verbose request where is https://registry.npmjs.org/debug
234 info trying registry request attempt 1 at 13:21:58
235 verbose etag "EX0AZYLO1QE8JXU8E91LJPBB5"
236 http GET https://registry.npmjs.org/debug
237 verbose request where is /express
238 verbose request registry https://registry.npmjs.org/
239 verbose url raw /express
240 verbose url resolving [ 'https://registry.npmjs.org/', './express' ]
241 verbose url resolved https://registry.npmjs.org/express
242 verbose request where is https://registry.npmjs.org/express
243 info trying registry request attempt 1 at 13:21:58
244 verbose etag "DA9MSQWK6N0P88E5A7RESBPO3"
245 http GET https://registry.npmjs.org/express
246 http 200 https://registry.npmjs.org/cookie-parser
247 silly registry.get cb [ 200,
247 silly registry.get   { server: 'CouchDB/1.5.0 (Erlang OTP/R16B03)',
247 silly registry.get     etag: '"7LLB6D7X2B8B82KBF69BKZGHA"',
247 silly registry.get     'content-type': 'application/json',
247 silly registry.get     'cache-control': 'max-age=60',
247 silly registry.get     'content-length': '17197',
247 silly registry.get     'accept-ranges': 'bytes',
247 silly registry.get     date: 'Wed, 17 Jun 2015 11:21:58 GMT',
247 silly registry.get     via: '1.1 varnish',
247 silly registry.get     age: '58',
247 silly registry.get     connection: 'keep-alive',
247 silly registry.get     'x-served-by': 'cache-fra1233-FRA',
247 silly registry.get     'x-cache': 'HIT',
247 silly registry.get     'x-cache-hits': '2',
247 silly registry.get     'x-timer': 'S1434540118.366633,VS0,VE0',
247 silly registry.get     vary: 'Accept' } ]
248 http 200 https://registry.npmjs.org/hbs
249 silly registry.get cb [ 200,
249 silly registry.get   { server: 'CouchDB/1.5.0 (Erlang OTP/R16B03)',
249 silly registry.get     etag: '"9LAKQNV9KAH5BNSHEO2DZIXWB"',
249 silly registry.get     'content-type': 'application/json',
249 silly registry.get     'cache-control': 'max-age=60',
249 silly registry.get     'content-length': '35703',
249 silly registry.get     'accept-ranges': 'bytes',
249 silly registry.get     date: 'Wed, 17 Jun 2015 11:21:58 GMT',
249 silly registry.get     via: '1.1 varnish',
249 silly registry.get     age: '27',
249 silly registry.get     connection: 'keep-alive',
249 silly registry.get     'x-served-by': 'cache-fra1225-FRA',
249 silly registry.get     'x-cache': 'HIT',
249 silly registry.get     'x-cache-hits': '1',
249 silly registry.get     'x-timer': 'S1434540118.375343,VS0,VE0',
249 silly registry.get     vary: 'Accept' } ]
250 silly addNameRange number 2 { name: 'cookie-parser',
250 silly addNameRange   range: '>=1.3.5-0 <1.4.0-0',
250 silly addNameRange   hasData: true }
251 silly addNameRange versions [ 'cookie-parser',
251 silly addNameRange   [ '1.0.0',
251 silly addNameRange     '1.0.1',
251 silly addNameRange     '1.1.0',
251 silly addNameRange     '1.2.0',
251 silly addNameRange     '1.3.0',
251 silly addNameRange     '1.3.1',
251 silly addNameRange     '1.3.2',
251 silly addNameRange     '1.3.3',
251 silly addNameRange     '1.3.4',
251 silly addNameRange     '1.3.5' ] ]
252 verbose addNamed [ 'cookie-parser', '1.3.5' ]
253 verbose addNamed [ '1.3.5', '1.3.5' ]
254 silly lockFile b6f1abc3-cookie-parser-1-3-5 cookie-parser@1.3.5
255 verbose lock cookie-parser@1.3.5 /home/computador/.npm/b6f1abc3-cookie-parser-1-3-5.lock
256 silly addNameRange number 2 { name: 'hbs', range: '>=2.9.0-0 <2.10.0-0', hasData: true }
257 silly addNameRange versions [ 'hbs',
257 silly addNameRange   [ '0.0.2-1',
257 silly addNameRange     '0.0.2-2',
257 silly addNameRange     '0.0.2-3',
257 silly addNameRange     '0.0.3',
257 silly addNameRange     '0.0.3-1',
257 silly addNameRange     '0.0.3-2',
257 silly addNameRange     '0.0.3-3',
257 silly addNameRange     '0.0.3-4',
257 silly addNameRange     '0.0.4',
257 silly addNameRange     '0.0.5',
257 silly addNameRange     '0.0.6',
257 silly addNameRange     '0.0.7',
257 silly addNameRange     '1.0.0',
257 silly addNameRange     '1.0.1',
257 silly addNameRange     '1.0.2',
257 silly addNameRange     '1.0.3',
257 silly addNameRange     '1.0.4',
257 silly addNameRange     '1.0.5',
257 silly addNameRange     '1.0.6',
257 silly addNameRange     '1.0.7',
257 silly addNameRange     '1.0.8',
257 silly addNameRange     '1.0.9',
257 silly addNameRange     '2.0.0',
257 silly addNameRange     '2.0.1',
257 silly addNameRange     '2.0.2',
257 silly addNameRange     '2.1.0',
257 silly addNameRange     '2.3.0',
257 silly addNameRange     '2.3.1',
257 silly addNameRange     '2.4.0',
257 silly addNameRange     '2.5.0',
257 silly addNameRange     '2.6.0',
257 silly addNameRange     '2.7.0',
257 silly addNameRange     '2.8.0',
257 silly addNameRange     '2.9.0',
257 silly addNameRange     '3.0.0',
257 silly addNameRange     '3.0.1',
257 silly addNameRange     '3.1.0' ] ]
258 verbose addNamed [ 'hbs', '2.9.0' ]
259 verbose addNamed [ '2.9.0', '2.9.0' ]
260 silly lockFile 0210886b-hbs-2-9-0 hbs@2.9.0
261 verbose lock hbs@2.9.0 /home/computador/.npm/0210886b-hbs-2-9-0.lock
262 http 200 https://registry.npmjs.org/grunt-sass
263 silly registry.get cb [ 200,
263 silly registry.get   { server: 'CouchDB/1.5.0 (Erlang OTP/R16B03)',
263 silly registry.get     etag: '"9VS9XEU6SA1NV5XRJL6L4BO40"',
263 silly registry.get     'content-type': 'application/json',
263 silly registry.get     'cache-control': 'max-age=60',
263 silly registry.get     'content-length': '41791',
263 silly registry.get     'accept-ranges': 'bytes',
263 silly registry.get     date: 'Wed, 17 Jun 2015 11:21:58 GMT',
263 silly registry.get     via: '1.1 varnish',
263 silly registry.get     age: '53',
263 silly registry.get     connection: 'keep-alive',
263 silly registry.get     'x-served-by': 'cache-fra1238-FRA',
263 silly registry.get     'x-cache': 'HIT',
263 silly registry.get     'x-cache-hits': '2',
263 silly registry.get     'x-timer': 'S1434540118.364151,VS0,VE0',
263 silly registry.get     vary: 'Accept' } ]
264 silly lockFile 4c901309-e-parser-cookie-parser-1-3-5-tgz https://registry.npmjs.org/cookie-parser/-/cookie-parser-1.3.5.tgz
265 verbose lock https://registry.npmjs.org/cookie-parser/-/cookie-parser-1.3.5.tgz /home/computador/.npm/4c901309-e-parser-cookie-parser-1-3-5-tgz.lock
266 silly lockFile 65bd331f-stry-npmjs-org-hbs-hbs-2-9-0-tgz https://registry.npmjs.org/hbs/-/hbs-2.9.0.tgz
267 verbose lock https://registry.npmjs.org/hbs/-/hbs-2.9.0.tgz /home/computador/.npm/65bd331f-stry-npmjs-org-hbs-hbs-2-9-0-tgz.lock
268 verbose addRemoteTarball [ 'https://registry.npmjs.org/cookie-parser/-/cookie-parser-1.3.5.tgz',
268 verbose addRemoteTarball   '9d755570fb5d17890771227a02314d9be7cf8356' ]
269 verbose addRemoteTarball [ 'https://registry.npmjs.org/hbs/-/hbs-2.9.0.tgz',
269 verbose addRemoteTarball   'a62ce11d48269583e0303b90fce909c731da808b' ]
270 silly addNameRange number 2 { name: 'grunt-sass',
270 silly addNameRange   range: '>=1.0.0-0 <2.0.0-0',
270 silly addNameRange   hasData: true }
271 silly addNameRange versions [ 'grunt-sass',
271 silly addNameRange   [ '0.1.0',
271 silly addNameRange     '0.2.1',
271 silly addNameRange     '0.2.2',
271 silly addNameRange     '0.2.3',
271 silly addNameRange     '0.2.4',
271 silly addNameRange     '0.2.5',
271 silly addNameRange     '0.3.0',
271 silly addNameRange     '0.4.0',
271 silly addNameRange     '0.4.1',
271 silly addNameRange     '0.5.0',
271 silly addNameRange     '0.6.0',
271 silly addNameRange     '0.6.1',
271 silly addNameRange     '0.7.0',
271 silly addNameRange     '0.8.0',
271 silly addNameRange     '0.8.1',
271 silly addNameRange     '0.9.0',
271 silly addNameRange     '0.10.0',
271 silly addNameRange     '0.11.0',
271 silly addNameRange     '0.12.0',
271 silly addNameRange     '0.12.1',
271 silly addNameRange     '0.13.0',
271 silly addNameRange     '0.13.1',
271 silly addNameRange     '0.14.0',
271 silly addNameRange     '0.14.1',
271 silly addNameRange     '0.14.2',
271 silly addNameRange     '0.15.0',
271 silly addNameRange     '0.16.0',
271 silly addNameRange     '0.16.1',
271 silly addNameRange     '0.17.0',
271 silly addNameRange     '0.18.0',
271 silly addNameRange     '0.18.1',
271 silly addNameRange     '1.0.0' ] ]
272 verbose addNamed [ 'grunt-sass', '1.0.0' ]
273 verbose addNamed [ '1.0.0', '1.0.0' ]
274 silly lockFile 96208c86-grunt-sass-1-0-0 grunt-sass@1.0.0
275 verbose lock grunt-sass@1.0.0 /home/computador/.npm/96208c86-grunt-sass-1-0-0.lock
276 silly lockFile 56e9decf--grunt-sass-grunt-sass-1-0-0-tgz https://registry.npmjs.org/grunt-sass/-/grunt-sass-1.0.0.tgz
277 verbose lock https://registry.npmjs.org/grunt-sass/-/grunt-sass-1.0.0.tgz /home/computador/.npm/56e9decf--grunt-sass-grunt-sass-1-0-0-tgz.lock
278 info retry fetch attempt 1 at 13:21:58
279 verbose fetch to= /tmp/npm-4968-8b89HAll/registry.npmjs.org/cookie-parser/-/cookie-parser-1.3.5.tgz
280 verbose addRemoteTarball [ 'https://registry.npmjs.org/grunt-sass/-/grunt-sass-1.0.0.tgz',
280 verbose addRemoteTarball   '84602a9ab0fcb0fe340737612a4ba56cc361bbc4' ]
281 info retry fetch attempt 1 at 13:21:58
282 verbose fetch to= /tmp/npm-4968-8b89HAll/registry.npmjs.org/hbs/-/hbs-2.9.0.tgz
283 http GET https://registry.npmjs.org/cookie-parser/-/cookie-parser-1.3.5.tgz
284 http GET https://registry.npmjs.org/hbs/-/hbs-2.9.0.tgz
285 info retry fetch attempt 1 at 13:21:58
286 verbose fetch to= /tmp/npm-4968-8b89HAll/registry.npmjs.org/grunt-sass/-/grunt-sass-1.0.0.tgz
287 http GET https://registry.npmjs.org/grunt-sass/-/grunt-sass-1.0.0.tgz
288 http 200 https://registry.npmjs.org/grunt
289 silly registry.get cb [ 200,
289 silly registry.get   { server: 'CouchDB/1.5.0 (Erlang OTP/R16B03)',
289 silly registry.get     etag: '"1E31OVR0BV200XV6U8MFEI27M"',
289 silly registry.get     'content-type': 'application/json',
289 silly registry.get     'cache-control': 'max-age=60',
289 silly registry.get     'content-length': '89496',
289 silly registry.get     'accept-ranges': 'bytes',
289 silly registry.get     date: 'Wed, 17 Jun 2015 11:21:58 GMT',
289 silly registry.get     via: '1.1 varnish',
289 silly registry.get     age: '40',
289 silly registry.get     connection: 'keep-alive',
289 silly registry.get     'x-served-by': 'cache-fra1234-FRA',
289 silly registry.get     'x-cache': 'HIT',
289 silly registry.get     'x-cache-hits': '1',
289 silly registry.get     'x-timer': 'S1434540118.373817,VS0,VE1',
289 silly registry.get     vary: 'Accept' } ]
290 http 200 https://registry.npmjs.org/body-parser
291 silly registry.get cb [ 200,
291 silly registry.get   { server: 'CouchDB/1.5.0 (Erlang OTP/R16B03)',
291 silly registry.get     etag: '"2U0I5BC7H854H2ISRK8TDA5IS"',
291 silly registry.get     'content-type': 'application/json',
291 silly registry.get     'cache-control': 'max-age=60',
291 silly registry.get     'content-length': '101666',
291 silly registry.get     'accept-ranges': 'bytes',
291 silly registry.get     date: 'Wed, 17 Jun 2015 11:21:58 GMT',
291 silly registry.get     via: '1.1 varnish',
291 silly registry.get     age: '4',
291 silly registry.get     connection: 'keep-alive',
291 silly registry.get     'x-served-by': 'cache-fra1235-FRA',
291 silly registry.get     'x-cache': 'HIT',
291 silly registry.get     'x-cache-hits': '1',
291 silly registry.get     'x-timer': 'S1434540118.373894,VS0,VE0',
291 silly registry.get     vary: 'Accept' } ]
292 http 200 https://registry.npmjs.org/morgan
293 silly registry.get cb [ 200,
293 silly registry.get   { server: 'CouchDB/1.5.0 (Erlang OTP/R16B03)',
293 silly registry.get     etag: '"5539QCTNX9VALPSWRSFFT7NEH"',
293 silly registry.get     'content-type': 'application/json',
293 silly registry.get     'cache-control': 'max-age=60',
293 silly registry.get     'content-length': '39863',
293 silly registry.get     'accept-ranges': 'bytes',
293 silly registry.get     date: 'Wed, 17 Jun 2015 11:21:58 GMT',
293 silly registry.get     via: '1.1 varnish',
293 silly registry.get     age: '21',
293 silly registry.get     connection: 'keep-alive',
293 silly registry.get     'x-served-by': 'cache-fra1225-FRA',
293 silly registry.get     'x-cache': 'HIT',
293 silly registry.get     'x-cache-hits': '4',
293 silly registry.get     'x-timer': 'S1434540118.433562,VS0,VE0',
293 silly registry.get     vary: 'Accept' } ]
294 silly addNameRange number 2 { name: 'body-parser',
294 silly addNameRange   range: '>=1.12.4-0 <1.13.0-0',
294 silly addNameRange   hasData: true }
295 silly addNameRange versions [ 'body-parser',
295 silly addNameRange   [ '1.0.0',
295 silly addNameRange     '1.0.1',
295 silly addNameRange     '1.0.2',
295 silly addNameRange     '1.1.0',
295 silly addNameRange     '1.1.1',
295 silly addNameRange     '1.1.2',
295 silly addNameRange     '1.2.0',
295 silly addNameRange     '1.2.1',
295 silly addNameRange     '1.2.2',
295 silly addNameRange     '1.3.0',
295 silly addNameRange     '1.3.1',
295 silly addNameRange     '1.4.0',
295 silly addNameRange     '1.4.1',
295 silly addNameRange     '1.4.2',
295 silly addNameRange     '1.4.3',
295 silly addNameRange     '1.5.0',
295 silly addNameRange     '1.5.1',
295 silly addNameRange     '1.5.2',
295 silly addNameRange     '1.6.0',
295 silly addNameRange     '1.6.1',
295 silly addNameRange     '1.6.2',
295 silly addNameRange     '1.6.3',
295 silly addNameRange     '1.6.4',
295 silly addNameRange     '1.6.5',
295 silly addNameRange     '1.6.6',
295 silly addNameRange     '1.6.7',
295 silly addNameRange     '1.7.0',
295 silly addNameRange     '1.8.0',
295 silly addNameRange     '1.8.1',
295 silly addNameRange     '1.8.2',
295 silly addNameRange     '1.8.3',
295 silly addNameRange     '1.8.4',
295 silly addNameRange     '1.9.0',
295 silly addNameRange     '1.9.1',
295 silly addNameRange     '1.9.2',
295 silly addNameRange     '1.9.3',
295 silly addNameRange     '1.10.0',
295 silly addNameRange     '1.10.1',
295 silly addNameRange     '1.10.2',
295 silly addNameRange     '1.11.0',
295 silly addNameRange     '1.12.0',
295 silly addNameRange     '1.12.1',
295 silly addNameRange     '1.12.2',
295 silly addNameRange     '1.12.3',
295 silly addNameRange     '1.12.4',
295 silly addNameRange     '1.13.0',
295 silly addNameRange     '1.13.1' ] ]
296 verbose addNamed [ 'body-parser', '1.12.4' ]
297 verbose addNamed [ '1.12.4', '1.12.4' ]
298 silly lockFile b06c8939-body-parser-1-12-4 body-parser@1.12.4
299 verbose lock body-parser@1.12.4 /home/computador/.npm/b06c8939-body-parser-1-12-4.lock
300 silly addNameRange number 2 { name: 'grunt', range: '>=0.4.5-0 <0.5.0-0', hasData: true }
301 silly addNameRange versions [ 'grunt',
301 silly addNameRange   [ '0.1.0',
301 silly addNameRange     '0.1.1',
301 silly addNameRange     '0.1.2',
301 silly addNameRange     '0.2.0',
301 silly addNameRange     '0.2.1',
301 silly addNameRange     '0.2.2',
301 silly addNameRange     '0.2.3',
301 silly addNameRange     '0.2.4',
301 silly addNameRange     '0.2.5',
301 silly addNameRange     '0.2.6',
301 silly addNameRange     '0.2.7',
301 silly addNameRange     '0.2.8',
301 silly addNameRange     '0.2.9',
301 silly addNameRange     '0.2.10',
301 silly addNameRange     '0.2.11',
301 silly addNameRange     '0.2.12',
301 silly addNameRange     '0.2.13',
301 silly addNameRange     '0.2.14',
301 silly addNameRange     '0.2.15',
301 silly addNameRange     '0.3.0',
301 silly addNameRange     '0.3.1',
301 silly addNameRange     '0.3.2',
301 silly addNameRange     '0.3.3',
301 silly addNameRange     '0.3.4',
301 silly addNameRange     '0.3.5',
301 silly addNameRange     '0.3.6',
301 silly addNameRange     '0.3.7',
301 silly addNameRange     '0.3.8',
301 silly addNameRange     '0.3.9',
301 silly addNameRange     '0.3.10',
301 silly addNameRange     '0.3.11',
301 silly addNameRange     '0.3.12',
301 silly addNameRange     '0.3.13',
301 silly addNameRange     '0.3.14',
301 silly addNameRange     '0.3.15',
301 silly addNameRange     '0.3.16',
301 silly addNameRange     '0.3.17',
301 silly addNameRange     '0.4.0',
301 silly addNameRange     '0.4.1',
301 silly addNameRange     '0.4.2',
301 silly addNameRange     '0.4.3',
301 silly addNameRange     '0.4.4',
301 silly addNameRange     '0.4.5',
301 silly addNameRange     '0.3.13-a',
301 silly addNameRange     '0.4.0-a',
301 silly addNameRange     '0.4.0-rc1',
301 silly addNameRange     '0.4.0-rc2',
301 silly addNameRange     '0.4.0-rc3',
301 silly addNameRange     '0.4.0-rc4',
301 silly addNameRange     '0.4.0-rc5',
301 silly addNameRange     '0.4.0-rc6',
301 silly addNameRange     '0.4.0-rc7',
301 silly addNameRange     '0.4.0-rc8' ] ]
302 verbose addNamed [ 'grunt', '0.4.5' ]
303 verbose addNamed [ '0.4.5', '0.4.5' ]
304 silly lockFile 81abf7ad-grunt-0-4-5 grunt@0.4.5
305 verbose lock grunt@0.4.5 /home/computador/.npm/81abf7ad-grunt-0-4-5.lock
306 silly lockFile 36923138-dy-parser-body-parser-1-12-4-tgz https://registry.npmjs.org/body-parser/-/body-parser-1.12.4.tgz
307 verbose lock https://registry.npmjs.org/body-parser/-/body-parser-1.12.4.tgz /home/computador/.npm/36923138-dy-parser-body-parser-1-12-4-tgz.lock
308 silly addNameRange number 2 { name: 'morgan', range: '>=1.5.3-0 <1.6.0-0', hasData: true }
309 silly addNameRange versions [ 'morgan',
309 silly addNameRange   [ '1.0.0',
309 silly addNameRange     '1.0.1',
309 silly addNameRange     '1.1.0',
309 silly addNameRange     '1.1.1',
309 silly addNameRange     '1.2.0',
309 silly addNameRange     '1.2.1',
309 silly addNameRange     '1.2.2',
309 silly addNameRange     '1.2.3',
309 silly addNameRange     '1.3.0',
309 silly addNameRange     '1.3.1',
309 silly addNameRange     '1.3.2',
309 silly addNameRange     '1.4.0',
309 silly addNameRange     '1.4.1',
309 silly addNameRange     '1.5.0',
309 silly addNameRange     '1.5.1',
309 silly addNameRange     '1.5.2',
309 silly addNameRange     '1.5.3',
309 silly addNameRange     '1.6.0' ] ]
310 verbose addNamed [ 'morgan', '1.5.3' ]
311 verbose addNamed [ '1.5.3', '1.5.3' ]
312 silly lockFile 012ce855-morgan-1-5-3 morgan@1.5.3
313 verbose lock morgan@1.5.3 /home/computador/.npm/012ce855-morgan-1-5-3.lock
314 silly lockFile ea6cf2d1--npmjs-org-grunt-grunt-0-4-5-tgz https://registry.npmjs.org/grunt/-/grunt-0.4.5.tgz
315 verbose lock https://registry.npmjs.org/grunt/-/grunt-0.4.5.tgz /home/computador/.npm/ea6cf2d1--npmjs-org-grunt-grunt-0-4-5-tgz.lock
316 verbose addRemoteTarball [ 'https://registry.npmjs.org/body-parser/-/body-parser-1.12.4.tgz',
316 verbose addRemoteTarball   '090700c4ba28862a8520ef378395fdee5f61c229' ]
317 verbose addRemoteTarball [ 'https://registry.npmjs.org/grunt/-/grunt-0.4.5.tgz',
317 verbose addRemoteTarball   '56937cd5194324adff6d207631832a9d6ba4e7f0' ]
318 info retry fetch attempt 1 at 13:21:58
319 verbose fetch to= /tmp/npm-4968-8b89HAll/registry.npmjs.org/body-parser/-/body-parser-1.12.4.tgz
320 info retry fetch attempt 1 at 13:21:58
321 verbose fetch to= /tmp/npm-4968-8b89HAll/registry.npmjs.org/grunt/-/grunt-0.4.5.tgz
322 http GET https://registry.npmjs.org/body-parser/-/body-parser-1.12.4.tgz
323 silly lockFile 491383d5-pmjs-org-morgan-morgan-1-5-3-tgz https://registry.npmjs.org/morgan/-/morgan-1.5.3.tgz
324 verbose lock https://registry.npmjs.org/morgan/-/morgan-1.5.3.tgz /home/computador/.npm/491383d5-pmjs-org-morgan-morgan-1-5-3-tgz.lock
325 http GET https://registry.npmjs.org/grunt/-/grunt-0.4.5.tgz
326 verbose addRemoteTarball [ 'https://registry.npmjs.org/morgan/-/morgan-1.5.3.tgz',
326 verbose addRemoteTarball   '8adb4e72f9e5c5436e5d93f42910835f79da9fdf' ]
327 info retry fetch attempt 1 at 13:21:58
328 verbose fetch to= /tmp/npm-4968-8b89HAll/registry.npmjs.org/morgan/-/morgan-1.5.3.tgz
329 http GET https://registry.npmjs.org/morgan/-/morgan-1.5.3.tgz
330 http 200 https://registry.npmjs.org/serve-favicon
331 silly registry.get cb [ 200,
331 silly registry.get   { server: 'CouchDB/1.5.0 (Erlang OTP/R16B03)',
331 silly registry.get     etag: '"CK3F2IOHFPJLV9K4U2JZ9OC2L"',
331 silly registry.get     'content-type': 'application/json',
331 silly registry.get     'cache-control': 'max-age=60',
331 silly registry.get     'content-length': '23759',
331 silly registry.get     'accept-ranges': 'bytes',
331 silly registry.get     date: 'Wed, 17 Jun 2015 11:21:58 GMT',
331 silly registry.get     via: '1.1 varnish',
331 silly registry.get     age: '21',
331 silly registry.get     connection: 'keep-alive',
331 silly registry.get     'x-served-by': 'cache-fra1235-FRA',
331 silly registry.get     'x-cache': 'HIT',
331 silly registry.get     'x-cache-hits': '1',
331 silly registry.get     'x-timer': 'S1434540118.494108,VS0,VE0',
331 silly registry.get     vary: 'Accept' } ]
332 silly addNameRange number 2 { name: 'serve-favicon',
332 silly addNameRange   range: '>=2.2.1-0 <2.3.0-0',
332 silly addNameRange   hasData: true }
333 silly addNameRange versions [ 'serve-favicon',
333 silly addNameRange   [ '2.0.0',
333 silly addNameRange     '2.0.1',
333 silly addNameRange     '2.1.0',
333 silly addNameRange     '2.1.1',
333 silly addNameRange     '2.1.2',
333 silly addNameRange     '2.1.3',
333 silly addNameRange     '2.1.4',
333 silly addNameRange     '2.1.5',
333 silly addNameRange     '2.1.6',
333 silly addNameRange     '2.1.7',
333 silly addNameRange     '2.2.0',
333 silly addNameRange     '2.2.1',
333 silly addNameRange     '2.3.0' ] ]
334 verbose addNamed [ 'serve-favicon', '2.2.1' ]
335 verbose addNamed [ '2.2.1', '2.2.1' ]
336 silly lockFile 6918e89a-serve-favicon-2-2-1 serve-favicon@2.2.1
337 verbose lock serve-favicon@2.2.1 /home/computador/.npm/6918e89a-serve-favicon-2-2-1.lock
338 silly lockFile 9e8bc462--favicon-serve-favicon-2-2-1-tgz https://registry.npmjs.org/serve-favicon/-/serve-favicon-2.2.1.tgz
339 verbose lock https://registry.npmjs.org/serve-favicon/-/serve-favicon-2.2.1.tgz /home/computador/.npm/9e8bc462--favicon-serve-favicon-2-2-1-tgz.lock
340 verbose addRemoteTarball [ 'https://registry.npmjs.org/serve-favicon/-/serve-favicon-2.2.1.tgz',
340 verbose addRemoteTarball   'd97bacc150f66fe0e5cc4c78a84ba15bae5a584a' ]
341 info retry fetch attempt 1 at 13:21:58
342 verbose fetch to= /tmp/npm-4968-8b89HAll/registry.npmjs.org/serve-favicon/-/serve-favicon-2.2.1.tgz
343 http GET https://registry.npmjs.org/serve-favicon/-/serve-favicon-2.2.1.tgz
344 http 200 https://registry.npmjs.org/debug
345 silly registry.get cb [ 200,
345 silly registry.get   { server: 'CouchDB/1.5.0 (Erlang OTP/R16B03)',
345 silly registry.get     etag: '"2T7I20OARVMTSKDMMBVQ9H064"',
345 silly registry.get     'content-type': 'application/json',
345 silly registry.get     'cache-control': 'max-age=60',
345 silly registry.get     'content-length': '34694',
345 silly registry.get     'accept-ranges': 'bytes',
345 silly registry.get     date: 'Wed, 17 Jun 2015 11:21:58 GMT',
345 silly registry.get     via: '1.1 varnish',
345 silly registry.get     age: '58',
345 silly registry.get     connection: 'keep-alive',
345 silly registry.get     'x-served-by': 'cache-fra1235-FRA',
345 silly registry.get     'x-cache': 'HIT',
345 silly registry.get     'x-cache-hits': '3',
345 silly registry.get     'x-timer': 'S1434540118.522474,VS0,VE0',
345 silly registry.get     vary: 'Accept' } ]
346 http 200 https://registry.npmjs.org/grunt-contrib-watch
347 silly registry.get cb [ 200,
347 silly registry.get   { server: 'CouchDB/1.5.0 (Erlang OTP/R16B03)',
347 silly registry.get     etag: '"EJIA7XJVY1HTLI6AHYYTYNOZU"',
347 silly registry.get     'content-type': 'application/json',
347 silly registry.get     'cache-control': 'max-age=60',
347 silly registry.get     'content-length': '58606',
347 silly registry.get     'accept-ranges': 'bytes',
347 silly registry.get     date: 'Wed, 17 Jun 2015 11:21:58 GMT',
347 silly registry.get     via: '1.1 varnish',
347 silly registry.get     age: '28',
347 silly registry.get     connection: 'keep-alive',
347 silly registry.get     'x-served-by': 'cache-fra1225-FRA',
347 silly registry.get     'x-cache': 'HIT',
347 silly registry.get     'x-cache-hits': '2',
347 silly registry.get     'x-timer': 'S1434540118.502706,VS0,VE0',
347 silly registry.get     vary: 'Accept' } ]
348 silly addNameRange number 2 { name: 'debug', range: '>=2.2.0-0 <2.3.0-0', hasData: true }
349 silly addNameRange versions [ 'debug',
349 silly addNameRange   [ '0.0.1',
349 silly addNameRange     '0.1.0',
349 silly addNameRange     '0.2.0',
349 silly addNameRange     '0.3.0',
349 silly addNameRange     '0.4.0',
349 silly addNameRange     '0.4.1',
349 silly addNameRange     '0.5.0',
349 silly addNameRange     '0.6.0',
349 silly addNameRange     '0.7.0',
349 silly addNameRange     '0.7.1',
349 silly addNameRange     '0.7.2',
349 silly addNameRange     '0.7.3',
349 silly addNameRange     '0.7.4',
349 silly addNameRange     '0.8.0',
349 silly addNameRange     '0.8.1',
349 silly addNameRange     '1.0.0',
349 silly addNameRange     '1.0.1',
349 silly addNameRange     '1.0.2',
349 silly addNameRange     '1.0.3',
349 silly addNameRange     '1.0.4',
349 silly addNameRange     '2.0.0',
349 silly addNameRange     '2.1.0',
349 silly addNameRange     '2.1.1',
349 silly addNameRange     '2.1.2',
349 silly addNameRange     '2.1.3',
349 silly addNameRange     '2.2.0' ] ]
350 verbose addNamed [ 'debug', '2.2.0' ]
351 verbose addNamed [ '2.2.0', '2.2.0' ]
352 silly lockFile 82f99b48-debug-2-2-0 debug@2.2.0
353 verbose lock debug@2.2.0 /home/computador/.npm/82f99b48-debug-2-2-0.lock
354 silly addNameRange number 2 { name: 'grunt-contrib-watch',
354 silly addNameRange   range: '>=0.6.1-0 <0.7.0-0',
354 silly addNameRange   hasData: true }
355 silly addNameRange versions [ 'grunt-contrib-watch',
355 silly addNameRange   [ '0.1.0',
355 silly addNameRange     '0.1.1',
355 silly addNameRange     '0.1.2',
355 silly addNameRange     '0.1.3',
355 silly addNameRange     '0.1.4',
355 silly addNameRange     '0.2.0',
355 silly addNameRange     '0.3.0',
355 silly addNameRange     '0.3.1',
355 silly addNameRange     '0.4.0',
355 silly addNameRange     '0.4.1',
355 silly addNameRange     '0.4.2',
355 silly addNameRange     '0.4.3',
355 silly addNameRange     '0.4.4',
355 silly addNameRange     '0.5.0',
355 silly addNameRange     '0.5.1',
355 silly addNameRange     '0.5.2',
355 silly addNameRange     '0.5.3',
355 silly addNameRange     '0.6.0',
355 silly addNameRange     '0.6.1',
355 silly addNameRange     '0.2.0-a',
355 silly addNameRange     '0.2.0-rc5',
355 silly addNameRange     '0.2.0-rc7' ] ]
356 verbose addNamed [ 'grunt-contrib-watch', '0.6.1' ]
357 verbose addNamed [ '0.6.1', '0.6.1' ]
358 silly lockFile 08049756-grunt-contrib-watch-0-6-1 grunt-contrib-watch@0.6.1
359 verbose lock grunt-contrib-watch@0.6.1 /home/computador/.npm/08049756-grunt-contrib-watch-0-6-1.lock
360 silly lockFile 0fc29299-ch-grunt-contrib-watch-0-6-1-tgz https://registry.npmjs.org/grunt-contrib-watch/-/grunt-contrib-watch-0.6.1.tgz
361 verbose lock https://registry.npmjs.org/grunt-contrib-watch/-/grunt-contrib-watch-0.6.1.tgz /home/computador/.npm/0fc29299-ch-grunt-contrib-watch-0-6-1-tgz.lock
362 verbose addRemoteTarball [ 'https://registry.npmjs.org/grunt-contrib-watch/-/grunt-contrib-watch-0.6.1.tgz',
362 verbose addRemoteTarball   '64fdcba25a635f5b4da1b6ce6f90da0aeb6e3f15' ]
363 info retry fetch attempt 1 at 13:21:58
364 verbose fetch to= /tmp/npm-4968-8b89HAll/registry.npmjs.org/grunt-contrib-watch/-/grunt-contrib-watch-0.6.1.tgz
365 http GET https://registry.npmjs.org/grunt-contrib-watch/-/grunt-contrib-watch-0.6.1.tgz
366 silly lockFile 82f99b48-debug-2-2-0 debug@2.2.0
367 silly lockFile 82f99b48-debug-2-2-0 debug@2.2.0
368 silly lockFile 7986b842-debug-2-2-0 debug@~2.2.0
369 silly lockFile 7986b842-debug-2-2-0 debug@~2.2.0
370 http 200 https://registry.npmjs.org/node-mandrill
371 silly registry.get cb [ 200,
371 silly registry.get   { server: 'CouchDB/1.5.0 (Erlang OTP/R16B03)',
371 silly registry.get     etag: '"B1MHB13LN2G9CDR9H1ZSCQQSR"',
371 silly registry.get     'content-type': 'application/json',
371 silly registry.get     'cache-control': 'max-age=60',
371 silly registry.get     'content-length': '13309',
371 silly registry.get     'accept-ranges': 'bytes',
371 silly registry.get     date: 'Wed, 17 Jun 2015 11:21:58 GMT',
371 silly registry.get     via: '1.1 varnish',
371 silly registry.get     age: '0',
371 silly registry.get     connection: 'keep-alive',
371 silly registry.get     'x-served-by': 'cache-fra1238-FRA',
371 silly registry.get     'x-cache': 'MISS',
371 silly registry.get     'x-cache-hits': '0',
371 silly registry.get     'x-timer': 'S1434540118.451492,VS0,VE110',
371 silly registry.get     vary: 'Accept' } ]
372 http 200 https://registry.npmjs.org/cookie-parser/-/cookie-parser-1.3.5.tgz
373 silly addNameRange number 2 { name: 'node-mandrill',
373 silly addNameRange   range: '>=1.0.1-0 <2.0.0-0',
373 silly addNameRange   hasData: true }
374 silly addNameRange versions [ 'node-mandrill', [ '0.1.0', '0.1.1', '1.0.0', '1.0.1' ] ]
375 verbose addNamed [ 'node-mandrill', '1.0.1' ]
376 verbose addNamed [ '1.0.1', '1.0.1' ]
377 silly lockFile e9783f21-node-mandrill-1-0-1 node-mandrill@1.0.1
378 verbose lock node-mandrill@1.0.1 /home/computador/.npm/e9783f21-node-mandrill-1-0-1.lock
379 silly lockFile 5e6e7905-mandrill-node-mandrill-1-0-1-tgz https://registry.npmjs.org/node-mandrill/-/node-mandrill-1.0.1.tgz
380 verbose lock https://registry.npmjs.org/node-mandrill/-/node-mandrill-1.0.1.tgz /home/computador/.npm/5e6e7905-mandrill-node-mandrill-1-0-1-tgz.lock
381 verbose addRemoteTarball [ 'https://registry.npmjs.org/node-mandrill/-/node-mandrill-1.0.1.tgz',
381 verbose addRemoteTarball   '86580b7adbc152db3c658a864a7cec90f8d086fd' ]
382 info retry fetch attempt 1 at 13:21:58
383 verbose fetch to= /tmp/npm-4968-8b89HAll/registry.npmjs.org/node-mandrill/-/node-mandrill-1.0.1.tgz
384 http GET https://registry.npmjs.org/node-mandrill/-/node-mandrill-1.0.1.tgz
385 silly lockFile 4c901309-e-parser-cookie-parser-1-3-5-tgz https://registry.npmjs.org/cookie-parser/-/cookie-parser-1.3.5.tgz
386 silly lockFile 4c901309-e-parser-cookie-parser-1-3-5-tgz https://registry.npmjs.org/cookie-parser/-/cookie-parser-1.3.5.tgz
387 http 200 https://registry.npmjs.org/hbs/-/hbs-2.9.0.tgz
388 silly lockFile b6f1abc3-cookie-parser-1-3-5 cookie-parser@1.3.5
389 silly lockFile b6f1abc3-cookie-parser-1-3-5 cookie-parser@1.3.5
390 silly lockFile 34d2ac1d-cookie-parser-1-3-5 cookie-parser@~1.3.5
391 silly lockFile 34d2ac1d-cookie-parser-1-3-5 cookie-parser@~1.3.5
392 silly lockFile 65bd331f-stry-npmjs-org-hbs-hbs-2-9-0-tgz https://registry.npmjs.org/hbs/-/hbs-2.9.0.tgz
393 silly lockFile 65bd331f-stry-npmjs-org-hbs-hbs-2-9-0-tgz https://registry.npmjs.org/hbs/-/hbs-2.9.0.tgz
394 silly lockFile 0210886b-hbs-2-9-0 hbs@2.9.0
395 silly lockFile 0210886b-hbs-2-9-0 hbs@2.9.0
396 silly lockFile 2e8987f1-hbs-2-9-0 hbs@~2.9.0
397 silly lockFile 2e8987f1-hbs-2-9-0 hbs@~2.9.0
398 http 200 https://registry.npmjs.org/grunt-sass/-/grunt-sass-1.0.0.tgz
399 http 200 https://registry.npmjs.org/mongoose
400 silly registry.get cb [ 200,
400 silly registry.get   { server: 'CouchDB/1.5.0 (Erlang OTP/R16B03)',
400 silly registry.get     etag: '"1ZIQFQZ9EPM3IDXXDQZP8711A"',
400 silly registry.get     'content-type': 'application/json',
400 silly registry.get     'cache-control': 'max-age=60',
400 silly registry.get     'content-length': '326861',
400 silly registry.get     'accept-ranges': 'bytes',
400 silly registry.get     date: 'Wed, 17 Jun 2015 11:21:58 GMT',
400 silly registry.get     via: '1.1 varnish',
400 silly registry.get     age: '36',
400 silly registry.get     connection: 'keep-alive',
400 silly registry.get     'x-served-by': 'cache-fra1233-FRA',
400 silly registry.get     'x-cache': 'HIT',
400 silly registry.get     'x-cache-hits': '1',
400 silly registry.get     'x-timer': 'S1434540118.428527,VS0,VE1',
400 silly registry.get     vary: 'Accept' } ]
401 http 200 https://registry.npmjs.org/morgan/-/morgan-1.5.3.tgz
402 http 200 https://registry.npmjs.org/serve-favicon/-/serve-favicon-2.2.1.tgz
403 http 200 https://registry.npmjs.org/body-parser/-/body-parser-1.12.4.tgz
404 silly lockFile 56e9decf--grunt-sass-grunt-sass-1-0-0-tgz https://registry.npmjs.org/grunt-sass/-/grunt-sass-1.0.0.tgz
405 silly lockFile 56e9decf--grunt-sass-grunt-sass-1-0-0-tgz https://registry.npmjs.org/grunt-sass/-/grunt-sass-1.0.0.tgz
406 silly lockFile 96208c86-grunt-sass-1-0-0 grunt-sass@1.0.0
407 silly lockFile 96208c86-grunt-sass-1-0-0 grunt-sass@1.0.0
408 silly addNameRange number 2 { name: 'mongoose', range: '>=4.0.4-0 <5.0.0-0', hasData: true }
409 silly addNameRange versions [ 'mongoose',
409 silly addNameRange   [ '0.0.1',
409 silly addNameRange     '0.0.2',
409 silly addNameRange     '0.0.3',
409 silly addNameRange     '0.0.4',
409 silly addNameRange     '0.0.5',
409 silly addNameRange     '1.0.0',
409 silly addNameRange     '1.0.1',
409 silly addNameRange     '1.0.2',
409 silly addNameRange     '0.0.6',
409 silly addNameRange     '1.0.3',
409 silly addNameRange     '1.0.4',
409 silly addNameRange     '1.0.5',
409 silly addNameRange     '1.0.6',
409 silly addNameRange     '1.0.7',
409 silly addNameRange     '1.0.8',
409 silly addNameRange     '1.0.10',
409 silly addNameRange     '1.0.11',
409 silly addNameRange     '1.0.12',
409 silly addNameRange     '1.0.13',
409 silly addNameRange     '1.0.14',
409 silly addNameRange     '1.0.15',
409 silly addNameRange     '1.0.16',
409 silly addNameRange     '1.1.0',
409 silly addNameRange     '1.1.1',
409 silly addNameRange     '1.1.2',
409 silly addNameRange     '1.1.3',
409 silly addNameRange     '1.1.4',
409 silly addNameRange     '1.1.5',
409 silly addNameRange     '1.1.6',
409 silly addNameRange     '1.1.7',
409 silly addNameRange     '1.1.8',
409 silly addNameRange     '1.1.9',
409 silly addNameRange     '1.1.10',
409 silly addNameRange     '1.1.11',
409 silly addNameRange     '1.1.12',
409 silly addNameRange     '1.1.13',
409 silly addNameRange     '1.1.14',
409 silly addNameRange     '1.1.15',
409 silly addNameRange     '1.1.16',
409 silly addNameRange     '1.1.17',
409 silly addNameRange     '1.1.18',
409 silly addNameRange     '1.1.19',
409 silly addNameRange     '1.1.20',
409 silly addNameRange     '1.1.21',
409 silly addNameRange     '1.1.22',
409 silly addNameRange     '1.1.23',
409 silly addNameRange     '1.1.24',
409 silly addNameRange     '1.1.25',
409 silly addNameRange     '1.2.0',
409 silly addNameRange     '1.3.0',
409 silly addNameRange     '1.3.1',
409 silly addNameRange     '1.3.2',
409 silly addNameRange     '1.3.3',
409 silly addNameRange     '1.3.4',
409 silly addNameRange     '1.3.5',
409 silly addNameRange     '1.3.6',
409 silly addNameRange     '1.3.7',
409 silly addNameRange     '1.4.0',
409 silly addNameRange     '1.5.0',
409 silly addNameRange     '1.6.0',
409 silly addNameRange     '1.7.2',
409 silly addNameRange     '1.7.3',
409 silly addNameRange     '1.7.4',
409 silly addNameRange     '1.8.0',
409 silly addNameRange     '1.8.1',
409 silly addNameRange     '1.8.2',
409 silly addNameRange     '1.8.3',
409 silly addNameRange     '1.8.4',
409 silly addNameRange     '2.0.0',
409 silly addNameRange     '2.0.1',
409 silly addNameRange     '2.0.2',
409 silly addNameRange     '2.0.3',
409 silly addNameRange     '2.0.4',
409 silly addNameRange     '2.1.0',
409 silly addNameRange     '2.1.1',
409 silly addNameRange     '2.1.2',
409 silly addNameRange     '2.1.3',
409 silly addNameRange     '2.1.4',
409 silly addNameRange     '2.2.0',
409 silly addNameRange     '2.2.1',
409 silly addNameRange     '2.2.2',
409 silly addNameRange     '2.2.3',
409 silly addNameRange     '2.2.4',
409 silly addNameRange     '2.3.0',
409 silly addNameRange     '2.3.1',
409 silly addNameRange     '2.3.2',
409 silly addNameRange     '2.3.3',
409 silly addNameRange     '2.3.4',
409 silly addNameRange     '2.3.5',
409 silly addNameRange     '2.3.6',
409 silly addNameRange     '2.3.7',
409 silly addNameRange     '2.3.8',
409 silly addNameRange     '2.3.9',
409 silly addNameRange     '2.3.10',
409 silly addNameRange     '2.3.11',
409 silly addNameRange     '2.3.12',
409 silly addNameRange     '2.3.13',
409 silly addNameRange     '2.4.0',
409 silly addNameRange     '2.4.1',
409 silly addNameRange     '2.4.2',
409 silly addNameRange     '2.4.3',
409 silly addNameRange     '2.4.4',
409 silly addNameRange     '2.4.5',
409 silly addNameRange     '2.4.6',
409 silly addNameRange     '2.4.7',
409 silly addNameRange     '2.4.8',
409 silly addNameRange     '2.4.9',
409 silly addNameRange     '2.4.10',
409 silly addNameRange     '2.5.0',
409 silly addNameRange     '2.5.1',
409 silly addNameRange     '2.5.2',
409 silly addNameRange     '2.5.3',
409 silly addNameRange     '2.5.4',
409 silly addNameRange     '2.5.5',
409 silly addNameRange     '2.5.6',
409 silly addNameRange     '2.5.7',
409 silly addNameRange     '2.5.8',
409 silly addNameRange     '2.5.9',
409 silly addNameRange     '2.5.10',
409 silly addNameRange     '2.5.11',
409 silly addNameRange     '2.5.12',
409 silly addNameRange     '2.5.13',
409 silly addNameRange     '2.5.14',
409 silly addNameRange     '2.6.0',
409 silly addNameRange     '2.6.1',
409 silly addNameRange     '2.6.2',
409 silly addNameRange     '2.6.3',
409 silly addNameRange     '2.6.4',
409 silly addNameRange     '2.6.5',
409 silly addNameRange     '2.6.6',
409 silly addNameRange     '2.6.7',
409 silly addNameRange     '2.6.8',
409 silly addNameRange     '2.7.0',
409 silly addNameRange     '2.7.1',
409 silly addNameRange     '2.7.2',
409 silly addNameRange     '2.7.4',
409 silly addNameRange     '2.7.3',
409 silly addNameRange     '3.0.0',
409 silly addNameRange     '3.0.1',
409 silly addNameRange     '3.0.2',
409 silly addNameRange     '2.8.0',
409 silly addNameRange     '3.0.3',
409 silly addNameRange     '3.1.0',
409 silly addNameRange     '2.8.1',
409 silly addNameRange     '3.1.1',
409 silly addNameRange     '2.8.2',
409 silly addNameRange     '2.8.3',
409 silly addNameRange     '2.9.0',
409 silly addNameRange     '3.2.0',
409 silly addNameRange     '2.9.1',
409 silly addNameRange     '3.2.1',
409 silly addNameRange     '2.9.2',
409 silly addNameRange     '3.2.2',
409 silly addNameRange     '3.3.0',
409 silly addNameRange     '3.3.1',
409 silly addNameRange     '2.9.3',
409 silly addNameRange     '3.4.0',
409 silly addNameRange     '2.9.4',
409 silly addNameRange     '2.9.5',
409 silly addNameRange     '3.5.0',
409 silly addNameRange     '3.5.1',
409 silly addNameRange     '3.5.2',
409 silly addNameRange     '3.5.3',
409 silly addNameRange     '2.9.6',
409 silly addNameRange     '2.9.7',
409 silly addNameRange     '3.5.4',
409 silly addNameRange     '3.5.5',
409 silly addNameRange     '2.9.8',
409 silly addNameRange     '2.9.9',
409 silly addNameRange     '3.5.6',
409 silly addNameRange     '3.5.7',
409 silly addNameRange     '3.5.8',
409 silly addNameRange     '2.9.10',
409 silly addNameRange     '3.5.9',
409 silly addNameRange     '3.6.2',
409 silly addNameRange     '3.5.10',
409 silly addNameRange     '3.6.3',
409 silly addNameRange     '3.5.11',
409 silly addNameRange     '3.6.4',
409 silly addNameRange     '3.6.5',
409 silly addNameRange     '3.6.6',
409 silly addNameRange     '3.6.7',
409 silly addNameRange     '3.5.12',
409 silly addNameRange     '3.6.8',
409 silly addNameRange     '3.6.9',
409 silly addNameRange     '3.6.10',
409 silly addNameRange     '3.5.13',
409 silly addNameRange     '3.5.14',
409 silly addNameRange     '3.6.11',
409 silly addNameRange     '3.6.12',
409 silly addNameRange     '3.6.13',
409 silly addNameRange     '3.6.14',
409 silly addNameRange     '3.6.15',
409 silly addNameRange     '3.5.15',
409 silly addNameRange     '3.7.0',
409 silly addNameRange     '3.6.16',
409 silly addNameRange     '3.5.16',
409 silly addNameRange     '3.6.17',
409 silly addNameRange     '3.7.2',
409 silly addNameRange     '3.0.0-alpha1',
409 silly addNameRange     '3.0.0-alpha2',
409 silly addNameRange     '3.0.0-rc0',
409 silly addNameRange     '3.6.0-rc0',
409 silly addNameRange     '3.6.0-rc1',
409 silly addNameRange     '3.6.18',
409 silly addNameRange     '3.7.3',
409 silly addNameRange     '3.6.19',
409 silly addNameRange     '3.6.20',
409 silly addNameRange     '3.7.4',
409 silly addNameRange     '3.8.0',
409 silly addNameRange     '3.8.1',
409 silly addNameRange     '3.8.2',
409 silly addNameRange     '3.8.3',
409 silly addNameRange     '3.8.4',
409 silly addNameRange     '3.8.5',
409 silly addNameRange     '3.8.6',
409 silly addNameRange     '3.8.7',
409 silly addNameRange     '3.8.8',
409 silly addNameRange     '3.8.9',
409 silly addNameRange     '3.8.10',
409 silly addNameRange     '3.8.11',
409 silly addNameRange     '3.9.0',
409 silly addNameRange     '3.8.12',
409 silly addNameRange     '3.8.13',
409 silly addNameRange     '3.8.14',
409 silly addNameRange     '3.8.15',
409 silly addNameRange     '3.9.1',
409 silly addNameRange     '3.8.16',
409 silly addNameRange     '3.9.2',
409 silly addNameRange     '3.8.17',
409 silly addNameRange     '3.9.3',
409 silly addNameRange     '3.8.18',
409 silly addNameRange     '3.9.4',
409 silly addNameRange     '3.8.19',
409 silly addNameRange     '3.9.5',
409 silly addNameRange     '3.8.20',
409 silly addNameRange     '3.9.6',
409 silly addNameRange     '3.8.21',
409 silly addNameRange     '3.9.7',
409 silly addNameRange     '3.8.22',
409 silly addNameRange     '4.0.0-rc0',
409 silly addNameRange     '4.0.0-rc1',
409 silly addNameRange     '3.8.23',
409 silly addNameRange     '4.0.0-rc2',
409 silly addNameRange     '3.8.24',
409 silly addNameRange     '4.0.0-rc3',
409 silly addNameRange     '3.8.25',
409 silly addNameRange     '4.0.0-rc4',
409 silly addNameRange     '4.0.0',
409 silly addNameRange     '4.0.1',
409 silly addNameRange     '3.8.26',
409 silly addNameRange     '3.8.27',
409 silly addNameRange     '4.0.2',
409 silly addNameRange     '3.8.28',
409 silly addNameRange     '4.0.3',
409 silly addNameRange     '3.8.29',
409 silly addNameRange     '4.0.4',
409 silly addNameRange     '3.8.30',
409 silly addNameRange     '4.0.5' ] ]
410 verbose addNamed [ 'mongoose', '4.0.5' ]
411 verbose addNamed [ '4.0.5', '4.0.5' ]
412 silly lockFile 59dd479b-mongoose-4-0-5 mongoose@4.0.5
413 verbose lock mongoose@4.0.5 /home/computador/.npm/59dd479b-mongoose-4-0-5.lock
414 silly lockFile b4931068-grunt-sass-1-0-0 grunt-sass@^1.0.0
415 silly lockFile b4931068-grunt-sass-1-0-0 grunt-sass@^1.0.0
416 silly lockFile d9a2a4ba--org-mongoose-mongoose-4-0-5-tgz https://registry.npmjs.org/mongoose/-/mongoose-4.0.5.tgz
417 verbose lock https://registry.npmjs.org/mongoose/-/mongoose-4.0.5.tgz /home/computador/.npm/d9a2a4ba--org-mongoose-mongoose-4-0-5-tgz.lock
418 verbose addRemoteTarball [ 'https://registry.npmjs.org/mongoose/-/mongoose-4.0.5.tgz',
418 verbose addRemoteTarball   'f6781d96100e84d6cf72990efdca0ff7bc883a3d' ]
419 info retry fetch attempt 1 at 13:21:58
420 verbose fetch to= /tmp/npm-4968-8b89HAll/registry.npmjs.org/mongoose/-/mongoose-4.0.5.tgz
421 http GET https://registry.npmjs.org/mongoose/-/mongoose-4.0.5.tgz
422 silly lockFile 491383d5-pmjs-org-morgan-morgan-1-5-3-tgz https://registry.npmjs.org/morgan/-/morgan-1.5.3.tgz
423 silly lockFile 491383d5-pmjs-org-morgan-morgan-1-5-3-tgz https://registry.npmjs.org/morgan/-/morgan-1.5.3.tgz
424 silly lockFile 012ce855-morgan-1-5-3 morgan@1.5.3
425 silly lockFile 012ce855-morgan-1-5-3 morgan@1.5.3
426 silly lockFile 9e8bc462--favicon-serve-favicon-2-2-1-tgz https://registry.npmjs.org/serve-favicon/-/serve-favicon-2.2.1.tgz
427 silly lockFile 9e8bc462--favicon-serve-favicon-2-2-1-tgz https://registry.npmjs.org/serve-favicon/-/serve-favicon-2.2.1.tgz
428 silly lockFile 36923138-dy-parser-body-parser-1-12-4-tgz https://registry.npmjs.org/body-parser/-/body-parser-1.12.4.tgz
429 silly lockFile 36923138-dy-parser-body-parser-1-12-4-tgz https://registry.npmjs.org/body-parser/-/body-parser-1.12.4.tgz
430 silly lockFile 23e862d0-morgan-1-5-3 morgan@~1.5.3
431 silly lockFile 23e862d0-morgan-1-5-3 morgan@~1.5.3
432 silly lockFile 6918e89a-serve-favicon-2-2-1 serve-favicon@2.2.1
433 silly lockFile 6918e89a-serve-favicon-2-2-1 serve-favicon@2.2.1
434 silly lockFile b06c8939-body-parser-1-12-4 body-parser@1.12.4
435 silly lockFile b06c8939-body-parser-1-12-4 body-parser@1.12.4
436 silly lockFile b7ae84e2-serve-favicon-2-2-1 serve-favicon@~2.2.1
437 silly lockFile b7ae84e2-serve-favicon-2-2-1 serve-favicon@~2.2.1
438 silly lockFile 6b6495e4-body-parser-1-12-4 body-parser@~1.12.4
439 silly lockFile 6b6495e4-body-parser-1-12-4 body-parser@~1.12.4
440 http 200 https://registry.npmjs.org/grunt/-/grunt-0.4.5.tgz
441 http 200 https://registry.npmjs.org/grunt-contrib-watch/-/grunt-contrib-watch-0.6.1.tgz
442 silly lockFile 0fc29299-ch-grunt-contrib-watch-0-6-1-tgz https://registry.npmjs.org/grunt-contrib-watch/-/grunt-contrib-watch-0.6.1.tgz
443 silly lockFile 0fc29299-ch-grunt-contrib-watch-0-6-1-tgz https://registry.npmjs.org/grunt-contrib-watch/-/grunt-contrib-watch-0.6.1.tgz
444 silly lockFile ea6cf2d1--npmjs-org-grunt-grunt-0-4-5-tgz https://registry.npmjs.org/grunt/-/grunt-0.4.5.tgz
445 silly lockFile ea6cf2d1--npmjs-org-grunt-grunt-0-4-5-tgz https://registry.npmjs.org/grunt/-/grunt-0.4.5.tgz
446 silly lockFile 08049756-grunt-contrib-watch-0-6-1 grunt-contrib-watch@0.6.1
447 silly lockFile 08049756-grunt-contrib-watch-0-6-1 grunt-contrib-watch@0.6.1
448 silly lockFile 81abf7ad-grunt-0-4-5 grunt@0.4.5
449 silly lockFile 81abf7ad-grunt-0-4-5 grunt@0.4.5
450 silly lockFile 224b1ece-grunt-contrib-watch-0-6-1 grunt-contrib-watch@^0.6.1
451 silly lockFile 224b1ece-grunt-contrib-watch-0-6-1 grunt-contrib-watch@^0.6.1
452 silly lockFile 73541f84-grunt-0-4-5 grunt@^0.4.5
453 silly lockFile 73541f84-grunt-0-4-5 grunt@^0.4.5
454 http 200 https://registry.npmjs.org/node-mandrill/-/node-mandrill-1.0.1.tgz
455 silly lockFile 5e6e7905-mandrill-node-mandrill-1-0-1-tgz https://registry.npmjs.org/node-mandrill/-/node-mandrill-1.0.1.tgz
456 silly lockFile 5e6e7905-mandrill-node-mandrill-1-0-1-tgz https://registry.npmjs.org/node-mandrill/-/node-mandrill-1.0.1.tgz
457 silly lockFile e9783f21-node-mandrill-1-0-1 node-mandrill@1.0.1
458 silly lockFile e9783f21-node-mandrill-1-0-1 node-mandrill@1.0.1
459 http 200 https://registry.npmjs.org/node-sass
460 silly registry.get cb [ 200,
460 silly registry.get   { server: 'CouchDB/1.5.0 (Erlang OTP/R16B03)',
460 silly registry.get     etag: '"B6BUCLDVMPPC37BRTBVBZZL3Z"',
460 silly registry.get     'content-type': 'application/json',
460 silly registry.get     'cache-control': 'max-age=60',
460 silly registry.get     'content-length': '135335',
460 silly registry.get     'accept-ranges': 'bytes',
460 silly registry.get     date: 'Wed, 17 Jun 2015 11:21:58 GMT',
460 silly registry.get     via: '1.1 varnish',
460 silly registry.get     age: '0',
460 silly registry.get     connection: 'keep-alive',
460 silly registry.get     'x-served-by': 'cache-fra1234-FRA',
460 silly registry.get     'x-cache': 'HIT',
460 silly registry.get     'x-cache-hits': '1',
460 silly registry.get     'x-timer': 'S1434540118.490315,VS0,VE106',
460 silly registry.get     vary: 'Accept' } ]
461 silly lockFile 76b7f2c5-node-mandrill-1-0-1 node-mandrill@^1.0.1
462 silly lockFile 76b7f2c5-node-mandrill-1-0-1 node-mandrill@^1.0.1
463 silly addNameRange number 2 { name: 'node-sass', range: '>=3.1.2-0 <4.0.0-0', hasData: true }
464 silly addNameRange versions [ 'node-sass',
464 silly addNameRange   [ '0.2.0',
464 silly addNameRange     '0.2.1',
464 silly addNameRange     '0.2.2',
464 silly addNameRange     '0.2.3',
464 silly addNameRange     '0.2.4',
464 silly addNameRange     '0.2.5',
464 silly addNameRange     '0.2.6',
464 silly addNameRange     '0.3.0',
464 silly addNameRange     '0.4.0',
464 silly addNameRange     '0.4.1',
464 silly addNameRange     '0.4.2',
464 silly addNameRange     '0.4.3',
464 silly addNameRange     '0.4.4',
464 silly addNameRange     '0.5.0',
464 silly addNameRange     '0.5.1',
464 silly addNameRange     '0.5.2',
464 silly addNameRange     '0.5.3',
464 silly addNameRange     '0.5.4',
464 silly addNameRange     '0.6.0',
464 silly addNameRange     '0.6.1',
464 silly addNameRange     '0.6.2',
464 silly addNameRange     '0.6.3',
464 silly addNameRange     '0.6.4',
464 silly addNameRange     '0.6.5',
464 silly addNameRange     '0.6.6',
464 silly addNameRange     '0.6.7',
464 silly addNameRange     '0.7.0-alpha',
464 silly addNameRange     '0.7.0',
464 silly addNameRange     '0.8.0',
464 silly addNameRange     '0.8.1',
464 silly addNameRange     '0.8.2',
464 silly addNameRange     '0.8.3',
464 silly addNameRange     '0.8.4',
464 silly addNameRange     '0.8.5',
464 silly addNameRange     '0.8.6',
464 silly addNameRange     '0.9.0',
464 silly addNameRange     '0.9.1',
464 silly addNameRange     '0.9.2',
464 silly addNameRange     '0.9.3',
464 silly addNameRange     '0.9.4-rc1',
464 silly addNameRange     '0.9.4',
464 silly addNameRange     '0.9.5-rc1',
464 silly addNameRange     '0.9.5',
464 silly addNameRange     '0.9.6',
464 silly addNameRange     '1.0.0',
464 silly addNameRange     '1.0.1',
464 silly addNameRange     '1.0.2-alpha',
464 silly addNameRange     '1.0.2',
464 silly addNameRange     '1.0.3',
464 silly addNameRange     '1.1.0',
464 silly addNameRange     '1.1.1',
464 silly addNameRange     '1.1.2',
464 silly addNameRange     '1.1.3',
464 silly addNameRange     '1.1.4',
464 silly addNameRange     '1.2.0',
464 silly addNameRange     '1.2.1',
464 silly addNameRange     '1.2.2',
464 silly addNameRange     '1.2.3',
464 silly addNameRange     '2.0.0-beta',
464 silly addNameRange     '2.0.0',
464 silly addNameRange     '2.0.1',
464 silly addNameRange     '3.0.0-alpha.0',
464 silly addNameRange     '3.0.0-beta.2',
464 silly addNameRange     '3.0.0-beta.3',
464 silly addNameRange     '3.0.0-beta.4',
464 silly addNameRange     '2.1.0',
464 silly addNameRange     '2.1.1',
464 silly addNameRange     '3.0.0-beta.5',
464 silly addNameRange     '3.0.0-beta.7',
464 silly addNameRange     '3.0.0',
464 silly addNameRange     '3.1.0',
464 silly addNameRange     '3.1.1',
464 silly addNameRange     '3.1.2',
464 silly addNameRange     '3.2.0' ] ]
465 verbose addNamed [ 'node-sass', '3.2.0' ]
466 verbose addNamed [ '3.2.0', '3.2.0' ]
467 silly lockFile 48e7d8cf-node-sass-3-2-0 node-sass@3.2.0
468 verbose lock node-sass@3.2.0 /home/computador/.npm/48e7d8cf-node-sass-3-2-0.lock
469 silly lockFile 42eb3b98-rg-node-sass-node-sass-3-2-0-tgz https://registry.npmjs.org/node-sass/-/node-sass-3.2.0.tgz
470 verbose lock https://registry.npmjs.org/node-sass/-/node-sass-3.2.0.tgz /home/computador/.npm/42eb3b98-rg-node-sass-node-sass-3-2-0-tgz.lock
471 verbose addRemoteTarball [ 'https://registry.npmjs.org/node-sass/-/node-sass-3.2.0.tgz',
471 verbose addRemoteTarball   '5b041a6a063863587f7c59c81cf3b6a04aff3510' ]
472 info retry fetch attempt 1 at 13:21:58
473 verbose fetch to= /tmp/npm-4968-8b89HAll/registry.npmjs.org/node-sass/-/node-sass-3.2.0.tgz
474 http GET https://registry.npmjs.org/node-sass/-/node-sass-3.2.0.tgz
475 http 200 https://registry.npmjs.org/mongoose/-/mongoose-4.0.5.tgz
476 http 200 https://registry.npmjs.org/node-sass/-/node-sass-3.2.0.tgz
477 silly lockFile d9a2a4ba--org-mongoose-mongoose-4-0-5-tgz https://registry.npmjs.org/mongoose/-/mongoose-4.0.5.tgz
478 silly lockFile d9a2a4ba--org-mongoose-mongoose-4-0-5-tgz https://registry.npmjs.org/mongoose/-/mongoose-4.0.5.tgz
479 silly lockFile 59dd479b-mongoose-4-0-5 mongoose@4.0.5
480 silly lockFile 59dd479b-mongoose-4-0-5 mongoose@4.0.5
481 silly lockFile 00a3b083-mongoose-4-0-4 mongoose@^4.0.4
482 silly lockFile 00a3b083-mongoose-4-0-4 mongoose@^4.0.4
483 http 200 https://registry.npmjs.org/express
484 silly registry.get cb [ 200,
484 silly registry.get   { server: 'CouchDB/1.5.0 (Erlang OTP/R16B03)',
484 silly registry.get     etag: '"DSEELRF9KGTSWZBG0VP5X3PLI"',
484 silly registry.get     'content-type': 'application/json',
484 silly registry.get     'cache-control': 'max-age=60',
484 silly registry.get     'content-length': '499879',
484 silly registry.get     'accept-ranges': 'bytes',
484 silly registry.get     date: 'Wed, 17 Jun 2015 11:21:58 GMT',
484 silly registry.get     via: '1.1 varnish',
484 silly registry.get     age: '8',
484 silly registry.get     connection: 'keep-alive',
484 silly registry.get     'x-served-by': 'cache-fra1235-FRA',
484 silly registry.get     'x-cache': 'HIT',
484 silly registry.get     'x-cache-hits': '1',
484 silly registry.get     'x-timer': 'S1434540118.555407,VS0,VE2',
484 silly registry.get     vary: 'Accept' } ]
485 silly addNameRange number 2 { name: 'express', range: '>=4.12.4-0 <4.13.0-0', hasData: true }
486 silly addNameRange versions [ 'express',
486 silly addNameRange   [ '0.14.0',
486 silly addNameRange     '0.14.1',
486 silly addNameRange     '1.0.0',
486 silly addNameRange     '1.0.1',
486 silly addNameRange     '1.0.2',
486 silly addNameRange     '1.0.3',
486 silly addNameRange     '1.0.4',
486 silly addNameRange     '1.0.5',
486 silly addNameRange     '1.0.6',
486 silly addNameRange     '1.0.7',
486 silly addNameRange     '1.0.8',
486 silly addNameRange     '2.0.0',
486 silly addNameRange     '2.1.0',
486 silly addNameRange     '2.1.1',
486 silly addNameRange     '2.2.0',
486 silly addNameRange     '2.2.1',
486 silly addNameRange     '2.2.2',
486 silly addNameRange     '2.3.0',
486 silly addNameRange     '2.3.1',
486 silly addNameRange     '2.3.2',
486 silly addNameRange     '2.3.3',
486 silly addNameRange     '2.3.4',
486 silly addNameRange     '2.3.5',
486 silly addNameRange     '2.3.6',
486 silly addNameRange     '2.3.7',
486 silly addNameRange     '2.3.8',
486 silly addNameRange     '2.3.9',
486 silly addNameRange     '2.3.10',
486 silly addNameRange     '2.3.11',
486 silly addNameRange     '2.3.12',
486 silly addNameRange     '2.4.0',
486 silly addNameRange     '2.4.1',
486 silly addNameRange     '2.4.2',
486 silly addNameRange     '2.4.3',
486 silly addNameRange     '2.4.4',
486 silly addNameRange     '2.4.5',
486 silly addNameRange     '2.4.6',
486 silly addNameRange     '2.4.7',
486 silly addNameRange     '2.5.0',
486 silly addNameRange     '2.5.1',
486 silly addNameRange     '2.5.2',
486 silly addNameRange     '2.5.3',
486 silly addNameRange     '2.5.4',
486 silly addNameRange     '2.5.5',
486 silly addNameRange     '2.5.6',
486 silly addNameRange     '2.5.7',
486 silly addNameRange     '2.5.8',
486 silly addNameRange     '2.5.9',
486 silly addNameRange     '2.5.10',
486 silly addNameRange     '2.5.11',
486 silly addNameRange     '3.0.0',
486 silly addNameRange     '3.0.1',
486 silly addNameRange     '3.0.2',
486 silly addNameRange     '3.0.3',
486 silly addNameRange     '3.0.4',
486 silly addNameRange     '3.0.5',
486 silly addNameRange     '3.0.6',
486 silly addNameRange     '3.1.0',
486 silly addNameRange     '3.1.1',
486 silly addNameRange     '3.1.2',
486 silly addNameRange     '3.2.0',
486 silly addNameRange     '3.2.1',
486 silly addNameRange     '3.2.2',
486 silly addNameRange     '3.2.3',
486 silly addNameRange     '3.2.4',
486 silly addNameRange     '3.2.5',
486 silly addNameRange     '3.2.6',
486 silly addNameRange     '3.3.0',
486 silly addNameRange     '3.3.1',
486 silly addNameRange     '3.3.2',
486 silly addNameRange     '3.3.3',
486 silly addNameRange     '3.3.4',
486 silly addNameRange     '3.3.5',
486 silly addNameRange     '3.3.6',
486 silly addNameRange     '1.0.0-beta',
486 silly addNameRange     '1.0.0-beta2',
486 silly addNameRange     '1.0.0-rc',
486 silly addNameRange     '1.0.0-rc2',
486 silly addNameRange     '1.0.0-rc3',
486 silly addNameRange     '1.0.0-rc4',
486 silly addNameRange     '2.0.0-beta',
486 silly addNameRange     '2.0.0-beta2',
486 silly addNameRange     '2.0.0-beta3',
486 silly addNameRange     '2.0.0-rc',
486 silly addNameRange     '2.0.0-rc2',
486 silly addNameRange     '2.0.0-rc3',
486 silly addNameRange     '3.0.0-alpha1',
486 silly addNameRange     '3.0.0-alpha2',
486 silly addNameRange     '3.0.0-alpha3',
486 silly addNameRange     '3.0.0-alpha4',
486 silly addNameRange     '3.0.0-alpha5',
486 silly addNameRange     '3.0.0-beta1',
486 silly addNameRange     '3.0.0-beta2',
486 silly addNameRange     '3.0.0-beta3',
486 silly addNameRange     '3.0.0-beta4',
486 silly addNameRange     '3.0.0-beta6',
486 silly addNameRange     '3.0.0-beta7',
486 silly addNameRange     '3.0.0-rc1',
486 silly addNameRange     '3.0.0-rc2',
486 silly addNameRange     '3.0.0-rc3',
486 silly addNameRange     '3.0.0-rc4',
486 silly addNameRange     '3.0.0-rc5',
486 silly addNameRange     '3.3.7',
486 silly addNameRange     '3.3.8',
486 silly addNameRange     '3.4.0',
486 silly addNameRange     '3.4.1',
486 silly addNameRange     '3.4.2',
486 silly addNameRange     '3.4.3',
486 silly addNameRange     '3.4.4',
486 silly addNameRange     '3.4.5',
486 silly addNameRange     '3.4.6',
486 silly addNameRange     '3.4.7',
486 silly addNameRange     '3.4.8',
486 silly addNameRange     '4.0.0-rc1',
486 silly addNameRange     '4.0.0-rc2',
486 silly addNameRange     '3.5.0',
486 silly addNameRange     '4.0.0-rc3',
486 silly addNameRange     '4.0.0-rc4',
486 silly addNameRange     '3.5.1',
486 silly addNameRange     '4.0.0',
486 silly addNameRange     '3.5.2',
486 silly addNameRange     '4.1.0',
486 silly addNameRange     '4.1.1',
486 silly addNameRange     '3.5.3',
486 silly addNameRange     '4.1.2',
486 silly addNameRange     '3.6.0',
486 silly addNameRange     '4.2.0',
486 silly addNameRange     '3.7.0',
486 silly addNameRange     '3.8.0',
486 silly addNameRange     '4.3.0',
486 silly addNameRange     '4.3.1',
486 silly addNameRange     '3.8.1',
486 silly addNameRange     '4.3.2',
486 silly addNameRange     '3.9.0',
486 silly addNameRange     '4.4.0',
486 silly addNameRange     '4.4.1',
486 silly addNameRange     '3.10.0',
486 silly addNameRange     '3.10.1',
486 silly addNameRange     '3.10.2',
486 silly addNameRange     '3.10.3',
486 silly addNameRange     '3.10.4',
486 silly addNameRange     '4.4.2',
486 silly addNameRange     '3.10.5',
486 silly addNameRange     '4.4.3',
486 silly addNameRange     '3.11.0',
486 silly addNameRange     '4.4.4',
486 silly addNameRange     '3.12.0',
486 silly addNameRange     '3.12.1',
486 silly addNameRange     '4.4.5',
486 silly addNameRange     '3.13.0',
486 silly addNameRange     '4.5.0',
486 silly addNameRange     '4.5.1',
486 silly addNameRange     '3.14.0',
486 silly addNameRange     '4.6.0',
486 silly addNameRange     '4.6.1',
486 silly addNameRange     '3.15.0',
486 silly addNameRange     '4.7.0',
486 silly addNameRange     '3.15.1',
486 silly addNameRange     '4.7.1',
486 silly addNameRange     '3.15.2',
486 silly addNameRange     '4.7.2',
486 silly addNameRange     '4.7.3',
486 silly addNameRange     '3.15.3',
486 silly addNameRange     '4.7.4',
486 silly addNameRange     '3.16.0',
486 silly addNameRange     '4.8.0',
486 silly addNameRange     '3.16.1',
486 silly addNameRange     '4.8.1',
486 silly addNameRange     '3.16.2',
486 silly addNameRange     '4.8.2',
486 silly addNameRange     '3.16.3',
486 silly addNameRange     '3.16.4',
486 silly addNameRange     '4.8.3',
486 silly addNameRange     '3.16.5',
486 silly addNameRange     '3.16.6',
486 silly addNameRange     '4.8.4',
486 silly addNameRange     '3.16.7',
486 silly addNameRange     '4.8.5',
486 silly addNameRange     '3.16.8',
486 silly addNameRange     '4.8.6',
486 silly addNameRange     '3.16.9',
486 silly addNameRange     '4.8.7',
486 silly addNameRange     '3.16.10',
486 silly addNameRange     '4.8.8',
486 silly addNameRange     '3.17.0',
486 silly addNameRange     '3.17.1',
486 silly addNameRange     '4.9.0',
486 silly addNameRange     '3.17.2',
486 silly addNameRange     '4.9.1',
486 silly addNameRange     '4.9.2',
486 silly addNameRange     '3.17.3',
486 silly addNameRange     '4.9.3',
486 silly addNameRange     '3.17.4',
486 silly addNameRange     '4.9.4',
486 silly addNameRange     '3.17.5',
486 silly addNameRange     '4.9.5',
486 silly addNameRange     '3.17.6',
486 silly addNameRange     '3.17.7',
486 silly addNameRange     '4.9.6',
486 silly addNameRange     '4.9.7',
486 silly addNameRange     '3.17.8',
486 silly addNameRange     '4.9.8',
486 silly addNameRange     '3.18.0',
486 silly addNameRange     '3.18.1',
486 silly addNameRange     '4.10.0',
486 silly addNameRange     '3.18.2',
486 silly addNameRange     '4.10.1',
486 silly addNameRange     '5.0.0-alpha.1',
486 silly addNameRange     '3.18.3',
486 silly addNameRange     '4.10.2',
486 silly addNameRange     '3.18.4',
486 silly addNameRange     '4.10.3',
486 silly addNameRange     '4.10.4',
486 silly addNameRange     '4.10.5',
486 silly addNameRange     '3.18.5',
486 silly addNameRange     '3.18.6',
486 silly addNameRange     '4.10.6',
486 silly addNameRange     '4.10.7',
486 silly addNameRange     '3.19.0',
486 silly addNameRange     '4.10.8',
486 silly addNameRange     '4.11.0',
486 silly addNameRange     '3.19.1',
486 silly addNameRange     '4.11.1',
486 silly addNameRange     '3.19.2',
486 silly addNameRange     '4.11.2',
486 silly addNameRange     '3.20.0',
486 silly addNameRange     '4.12.0',
486 silly addNameRange     '3.20.1',
486 silly addNameRange     '4.12.1',
486 silly addNameRange     '4.12.2',
486 silly addNameRange     '3.20.2',
486 silly addNameRange     '4.12.3',
486 silly addNameRange     '3.20.3',
486 silly addNameRange     '4.12.4' ] ]
487 verbose addNamed [ 'express', '4.12.4' ]
488 verbose addNamed [ '4.12.4', '4.12.4' ]
489 silly lockFile 3b813118-express-4-12-4 express@4.12.4
490 verbose lock express@4.12.4 /home/computador/.npm/3b813118-express-4-12-4.lock
491 silly lockFile 018f992a-s-org-express-express-4-12-4-tgz https://registry.npmjs.org/express/-/express-4.12.4.tgz
492 verbose lock https://registry.npmjs.org/express/-/express-4.12.4.tgz /home/computador/.npm/018f992a-s-org-express-express-4-12-4-tgz.lock
493 verbose addRemoteTarball [ 'https://registry.npmjs.org/express/-/express-4.12.4.tgz',
493 verbose addRemoteTarball   '8fec2510255bc6b2e58107c48239c0fa307c1aa2' ]
494 info retry fetch attempt 1 at 13:21:59
495 verbose fetch to= /tmp/npm-4968-8b89HAll/registry.npmjs.org/express/-/express-4.12.4.tgz
496 http GET https://registry.npmjs.org/express/-/express-4.12.4.tgz
497 silly lockFile 42eb3b98-rg-node-sass-node-sass-3-2-0-tgz https://registry.npmjs.org/node-sass/-/node-sass-3.2.0.tgz
498 silly lockFile 42eb3b98-rg-node-sass-node-sass-3-2-0-tgz https://registry.npmjs.org/node-sass/-/node-sass-3.2.0.tgz
499 silly lockFile 48e7d8cf-node-sass-3-2-0 node-sass@3.2.0
500 silly lockFile 48e7d8cf-node-sass-3-2-0 node-sass@3.2.0
501 silly lockFile ade6a77d-node-sass-3-1-2 node-sass@^3.1.2
502 silly lockFile ade6a77d-node-sass-3-1-2 node-sass@^3.1.2
503 http 200 https://registry.npmjs.org/express/-/express-4.12.4.tgz
504 silly lockFile 018f992a-s-org-express-express-4-12-4-tgz https://registry.npmjs.org/express/-/express-4.12.4.tgz
505 silly lockFile 018f992a-s-org-express-express-4-12-4-tgz https://registry.npmjs.org/express/-/express-4.12.4.tgz
506 silly lockFile 3b813118-express-4-12-4 express@4.12.4
507 silly lockFile 3b813118-express-4-12-4 express@4.12.4
508 silly lockFile 8d972283-express-4-12-4 express@~4.12.4
509 silly lockFile 8d972283-express-4-12-4 express@~4.12.4
510 error Error: EACCES, mkdir '/home/computador/.npm/express/4.12.4'
510 error  { [Error: EACCES, mkdir '/home/computador/.npm/express/4.12.4']
510 error   errno: 3,
510 error   code: 'EACCES',
510 error   path: '/home/computador/.npm/express/4.12.4',
510 error   parent: 'autora' }
511 error Please try running this command again as root/Administrator.
512 error System Linux 3.13.0-54-generic
513 error command "/usr/bin/node" "/usr/bin/npm" "install"
514 error cwd /var/www/autora
515 error node -v v0.10.37
516 error npm -v 1.4.28
517 error path /home/computador/.npm/express/4.12.4
518 error code EACCES
519 error errno 3
520 error stack Error: EACCES, mkdir '/home/computador/.npm/express/4.12.4'
521 verbose exit [ 3, true ]
